                              1 ;--------------------------------------------------------
                              2 ; File Created by SDCC : FreeWare ANSI-C Compiler
                              3 ; Version 2.3.1 Sun Apr 28 14:10:26 2019
                              4 
                              5 ;--------------------------------------------------------
                              6 	.module lcc27010
                              7 	
                              8 ;--------------------------------------------------------
                              9 ; Public variables in this module
                             10 ;--------------------------------------------------------
                             11 	.globl _sprite_palette
                             12 ;--------------------------------------------------------
                             13 ; special function registers
                             14 ;--------------------------------------------------------
                             15 ;--------------------------------------------------------
                             16 ; special function bits 
                             17 ;--------------------------------------------------------
                             18 ;--------------------------------------------------------
                             19 ; internal ram data
                             20 ;--------------------------------------------------------
                             21 	.area _DATA
   0000                      22 _sprite_palette::
   0000                      23 	.ds 24
                             24 ;--------------------------------------------------------
                             25 ; overlayable items in internal ram 
                             26 ;--------------------------------------------------------
                             27 	.area _OVERLAY
                             28 ;--------------------------------------------------------
                             29 ; indirectly addressable internal ram data
                             30 ;--------------------------------------------------------
                             31 	.area _ISEG
                             32 ;--------------------------------------------------------
                             33 ; bit data
                             34 ;--------------------------------------------------------
                             35 	.area _BSEG
                             36 ;--------------------------------------------------------
                             37 ; external ram data
                             38 ;--------------------------------------------------------
                             39 	.area _XSEG
                             40 ;--------------------------------------------------------
                             41 ; global & static initialisations
                             42 ;--------------------------------------------------------
                             43 	.area _GSINIT
                             44 	.area _GSFINAL
                             45 	.area _GSINIT
                             46 ;	assets/sprite_palette.c 4
                             47 ;	assets/sprite_palette.c 9
                             48 ;	genArrayInit
                             49 ; _saveRegsForCall: sendSetSize: 0 deInUse: 0 bcInUse: 0 deSending: 0
   0000 21 00 00             50 	ld	hl,#_sprite_palette
   0003 CD 00 00             51 	call	__initrleblock
   0006 06                   52 	.db	6
   0007 00 00 FF 7F 4A 29    53 	.db	0x00, 0x00, 0xFF, 0x7F, 0x4A, 0x29
   000D FA 00                54 	.db	-6,0x00
   000F 0C                   55 	.db	12
   0010 4A 29 FF 7F 00 00    56 	.db	0x4A, 0x29, 0xFF, 0x7F, 0x00, 0x00, 0xE0, 0x00
        E0 00
   0018 E0 00 00 00          57 	.db	0xE0, 0x00, 0x00, 0x00
   001C 00                   58 	.db	0
                             59 ;--------------------------------------------------------
                             60 ; Home
                             61 ;--------------------------------------------------------
                             62 	.area _HOME
                             63 	.area _CODE
                             64 ;--------------------------------------------------------
                             65 ; code
                             66 ;--------------------------------------------------------
                             67 	.area _CODE
                             68 	.area _CODE
ASxxxx Assembler V01.75  (GameBoy Z80-like CPU), page 1.

Symbol Table

    __initrleblock                     **** GX
  1 _sprite_palette                    0000 GR

ASxxxx Assembler V01.75  (GameBoy Z80-like CPU), page 2.

Area Table

   0 _CODE                              size    0   flags 0
   1 _DATA                              size   18   flags 0
   2 _OVERLAY                           size    0   flags 0
   3 _ISEG                              size    0   flags 0
   4 _BSEG                              size    0   flags 0
   5 _XSEG                              size    0   flags 0
   6 _GSINIT                            size   1D   flags 0
   7 _GSFINAL                           size    0   flags 0
   8 _HOME                              size    0   flags 0
