                              1 ;--------------------------------------------------------
                              2 ; File Created by SDCC : FreeWare ANSI-C Compiler
                              3 ; Version 2.3.1 Sun Apr 14 17:40:41 2019
                              4 
                              5 ;--------------------------------------------------------
                              6 	.module lcc246070
                              7 	
                              8 ;--------------------------------------------------------
                              9 ; Public variables in this module
                             10 ;--------------------------------------------------------
                             11 	.globl _deck
                             12 ;--------------------------------------------------------
                             13 ; special function registers
                             14 ;--------------------------------------------------------
                             15 ;--------------------------------------------------------
                             16 ; special function bits 
                             17 ;--------------------------------------------------------
                             18 ;--------------------------------------------------------
                             19 ; internal ram data
                             20 ;--------------------------------------------------------
                             21 	.area _DATA
   0000                      22 _deck::
   0000                      23 	.ds 576
                             24 ;--------------------------------------------------------
                             25 ; overlayable items in internal ram 
                             26 ;--------------------------------------------------------
                             27 	.area _OVERLAY
                             28 ;--------------------------------------------------------
                             29 ; indirectly addressable internal ram data
                             30 ;--------------------------------------------------------
                             31 	.area _ISEG
                             32 ;--------------------------------------------------------
                             33 ; bit data
                             34 ;--------------------------------------------------------
                             35 	.area _BSEG
                             36 ;--------------------------------------------------------
                             37 ; external ram data
                             38 ;--------------------------------------------------------
                             39 	.area _XSEG
                             40 ;--------------------------------------------------------
                             41 ; global & static initialisations
                             42 ;--------------------------------------------------------
                             43 	.area _GSINIT
                             44 	.area _GSFINAL
                             45 	.area _GSINIT
                             46 ;	assets/bkgs/deck.c 25
                             47 ;	assets/bkgs/deck.c 86
                             48 ;	genArrayInit
                             49 ; _saveRegsForCall: sendSetSize: 0 deInUse: 0 bcInUse: 0 deSending: 0
   0000 21 00 00             50 	ld	hl,#_deck
   0003 CD 00 00             51 	call	__initrleblock
   0006 FB 01                52 	.db	-5,0x01
   0008 FA 02                53 	.db	-6,0x02
   000A 05                   54 	.db	5
   000B 01 01 01 02 02       55 	.db	0x01, 0x01, 0x01, 0x02, 0x02
   0010 F5 01                56 	.db	-11,0x01
   0012 03                   57 	.db	3
   0013 02 02 01             58 	.db	0x02, 0x02, 0x01
   0016 FA 02                59 	.db	-6,0x02
   0018 FA 01                60 	.db	-6,0x01
   001A F7 02                61 	.db	-9,0x02
   001C 13                   62 	.db	19
   001D 01 01 01 02 02 02    63 	.db	0x01, 0x01, 0x01, 0x02, 0x02, 0x02, 0x02, 0x01
        02 01
   0025 01 02 02 02 01 02    64 	.db	0x01, 0x02, 0x02, 0x02, 0x01, 0x02, 0x01, 0x01
        01 01
   002D 02 02 02             65 	.db	0x02, 0x02, 0x02
   0030 F8 01                66 	.db	-8,0x01
   0032 02                   67 	.db	2
   0033 02 01                68 	.db	0x02, 0x01
   0035 F9 02                69 	.db	-7,0x02
   0037 3A                   70 	.db	58
   0038 01 01 02 02 02 01    71 	.db	0x01, 0x01, 0x02, 0x02, 0x02, 0x01, 0x01, 0x01
        01 01
   0040 02 01 01 02 02 01    72 	.db	0x02, 0x01, 0x01, 0x02, 0x02, 0x01, 0x01, 0x01
        01 01
   0048 02 02 02 01 02 02    73 	.db	0x02, 0x02, 0x02, 0x01, 0x02, 0x02, 0x02, 0x01
        02 01
   0050 01 02 02 01 01 01    74 	.db	0x01, 0x02, 0x02, 0x01, 0x01, 0x01, 0x01, 0x02
        01 02
   0058 02 02 02 01 01 02    75 	.db	0x02, 0x02, 0x02, 0x01, 0x01, 0x02, 0x01, 0x01
        01 01
   0060 01 02 02 02 01 02    76 	.db	0x01, 0x02, 0x02, 0x02, 0x01, 0x02, 0x02, 0x02
        02 02
   0068 01 01 01 02 02 01    77 	.db	0x01, 0x01, 0x01, 0x02, 0x02, 0x01, 0x01, 0x02
        01 02
   0070 02 01                78 	.db	0x02, 0x01
   0072 FB 02                79 	.db	-5,0x02
   0074 09                   80 	.db	9
   0075 01 01 01 02 02 01    81 	.db	0x01, 0x01, 0x01, 0x02, 0x02, 0x01, 0x01, 0x02
        01 02
   007D 02                   82 	.db	0x02
   007E 81 01                83 	.db	-127,0x01
   0080 9E 01                84 	.db	-98,0x01
   0082 7A                   85 	.db	122
   0083 04 06 04 06 04 06    86 	.db	0x04, 0x06, 0x04, 0x06, 0x04, 0x06, 0x04, 0x06
        04 06
   008B 04 06 04 06 04 06    87 	.db	0x04, 0x06, 0x04, 0x06, 0x04, 0x06, 0x04, 0x06
        04 06
   0093 04 06 04 06 04 06    88 	.db	0x04, 0x06, 0x04, 0x06, 0x04, 0x06, 0x04, 0x06
        04 06
   009B 04 06 04 06 04 06    89 	.db	0x04, 0x06, 0x04, 0x06, 0x04, 0x06, 0x04, 0x06
        04 06
   00A3 05 07 05 07 05 07    90 	.db	0x05, 0x07, 0x05, 0x07, 0x05, 0x07, 0x05, 0x07
        05 07
   00AB 05 07 05 07 05 07    91 	.db	0x05, 0x07, 0x05, 0x07, 0x05, 0x07, 0x05, 0x07
        05 07
   00B3 05 07 05 07 05 07    92 	.db	0x05, 0x07, 0x05, 0x07, 0x05, 0x07, 0x05, 0x07
        05 07
   00BB 05 07 05 07 05 07    93 	.db	0x05, 0x07, 0x05, 0x07, 0x05, 0x07, 0x05, 0x07
        05 07
   00C3 0A 0B 0B 0B 0A 08    94 	.db	0x0A, 0x0B, 0x0B, 0x0B, 0x0A, 0x08, 0x0B, 0x0A
        0B 0A
   00CB 08 08 0B 08 0A 08    95 	.db	0x08, 0x08, 0x0B, 0x08, 0x0A, 0x08, 0x0A, 0x0B
        0A 0B
   00D3 08 0A 08 08 0B 0A    96 	.db	0x08, 0x0A, 0x08, 0x08, 0x0B, 0x0A, 0x08, 0x0A
        08 0A
   00DB 09 09 0A 08 08 08    97 	.db	0x09, 0x09, 0x0A, 0x08, 0x08, 0x08, 0x0B, 0x08
        0B 08
   00E3 0B 0A 0A 0B 08 0B    98 	.db	0x0B, 0x0A, 0x0A, 0x0B, 0x08, 0x0B, 0x0A, 0x0B
        0A 0B
   00EB 0B 0A 0B 0B 08 0B    99 	.db	0x0B, 0x0A, 0x0B, 0x0B, 0x08, 0x0B, 0x0A, 0x0A
        0A 0A
   00F3 0A 0B 0B 08 0B 0B   100 	.db	0x0A, 0x0B, 0x0B, 0x08, 0x0B, 0x0B, 0x08, 0x08
        08 08
   00FB 09 0A               101 	.db	0x09, 0x0A
   00FD FB 08               102 	.db	-5,0x08
   00FF 0D                  103 	.db	13
   0100 0B 0A 0A 0A 0B 09   104 	.db	0x0B, 0x0A, 0x0A, 0x0A, 0x0B, 0x09, 0x0B, 0x09
        0B 09
   0108 08 08 0A 0A 08      105 	.db	0x08, 0x08, 0x0A, 0x0A, 0x08
   010D FA 0B               106 	.db	-6,0x0B
   010F 2E                  107 	.db	46
   0110 0A 08 0A 0B 0B 09   108 	.db	0x0A, 0x08, 0x0A, 0x0B, 0x0B, 0x09, 0x08, 0x08
        08 08
   0118 08 08 04 04 06 0A   109 	.db	0x08, 0x08, 0x04, 0x04, 0x06, 0x0A, 0x0A, 0x08
        0A 08
   0120 0A 09 0B 09 0A 08   110 	.db	0x0A, 0x09, 0x0B, 0x09, 0x0A, 0x08, 0x0B, 0x0B
        0B 0B
   0128 0A 0B 09 08 0B 0B   111 	.db	0x0A, 0x0B, 0x09, 0x08, 0x0B, 0x0B, 0x0B, 0x08
        0B 08
   0130 0A 0A 0A 0A 0B 08   112 	.db	0x0A, 0x0A, 0x0A, 0x0A, 0x0B, 0x08, 0x08, 0x0A
        08 0A
   0138 0B 09 0B 0A 0A 09   113 	.db	0x0B, 0x09, 0x0B, 0x0A, 0x0A, 0x09
   013E 00                  114 	.db	0
                            115 ;--------------------------------------------------------
                            116 ; Home
                            117 ;--------------------------------------------------------
                            118 	.area _HOME
                            119 	.area _CODE
                            120 ;--------------------------------------------------------
                            121 ; code
                            122 ;--------------------------------------------------------
                            123 	.area _CODE
                            124 	.area _CODE
ASxxxx Assembler V01.75  (GameBoy Z80-like CPU), page 1.

Symbol Table

    __initrleblock                     **** GX
  1 _deck                              0000 GR

ASxxxx Assembler V01.75  (GameBoy Z80-like CPU), page 2.

Area Table

   0 _CODE                              size    0   flags 0
   1 _DATA                              size  240   flags 0
   2 _OVERLAY                           size    0   flags 0
   3 _ISEG                              size    0   flags 0
   4 _BSEG                              size    0   flags 0
   5 _XSEG                              size    0   flags 0
   6 _GSINIT                            size  13F   flags 0
   7 _GSFINAL                           size    0   flags 0
   8 _HOME                              size    0   flags 0
