                              1 ;--------------------------------------------------------
                              2 ; File Created by SDCC : FreeWare ANSI-C Compiler
                              3 ; Version 2.3.1 Wed Apr  3 00:24:51 2019
                              4 
                              5 ;--------------------------------------------------------
                              6 	.module lcc4080
                              7 	
                              8 ;--------------------------------------------------------
                              9 ; Public variables in this module
                             10 ;--------------------------------------------------------
                             11 	.globl _level_3_ctrl
                             12 ;--------------------------------------------------------
                             13 ; special function registers
                             14 ;--------------------------------------------------------
                             15 ;--------------------------------------------------------
                             16 ; special function bits 
                             17 ;--------------------------------------------------------
                             18 ;--------------------------------------------------------
                             19 ; internal ram data
                             20 ;--------------------------------------------------------
                             21 	.area _DATA
                             22 ;--------------------------------------------------------
                             23 ; overlayable items in internal ram 
                             24 ;--------------------------------------------------------
                             25 	.area _OVERLAY
                             26 ;--------------------------------------------------------
                             27 ; indirectly addressable internal ram data
                             28 ;--------------------------------------------------------
                             29 	.area _ISEG
                             30 ;--------------------------------------------------------
                             31 ; bit data
                             32 ;--------------------------------------------------------
                             33 	.area _BSEG
                             34 ;--------------------------------------------------------
                             35 ; external ram data
                             36 ;--------------------------------------------------------
                             37 	.area _XSEG
                             38 ;--------------------------------------------------------
                             39 ; global & static initialisations
                             40 ;--------------------------------------------------------
                             41 	.area _GSINIT
                             42 	.area _GSFINAL
                             43 	.area _GSINIT
                             44 ;--------------------------------------------------------
                             45 ; Home
                             46 ;--------------------------------------------------------
                             47 	.area _HOME
                             48 	.area _CODE
                             49 ;--------------------------------------------------------
                             50 ; code
                             51 ;--------------------------------------------------------
                             52 	.area _CODE
                             53 ;	level_3/level_3.c 4
                             54 ;	genLabel
                             55 ;	genFunction
                             56 ;	---------------------------------
                             57 ; Function level_3_ctrl
                             58 ; ---------------------------------
   0000                      59 ___level_3_ctrl_start:
   0000                      60 _level_3_ctrl:
                             61 	
                             62 ;	level_3/level_3.c 6
                             63 ;	genCall
                             64 ; _saveRegsForCall: sendSetSize: 0 deInUse: 0 bcInUse: 0 deSending: 0
   0000 CD 00 00             65 	call	_sprite_clean
                             66 ;	level_3/level_3.c 7
                             67 ;	genAssign
                             68 ;	AOP_HL for _LETTER_COUNT
   0003 21 00 00             69 	ld	hl,#_LETTER_COUNT
   0006 36 00                70 	ld	(hl),#0x00
                             71 ;	level_3/level_3.c 8
                             72 ;	genIpush
                             73 ; _saveRegsForCall: sendSetSize: 0 deInUse: 0 bcInUse: 0 deSending: 0
   0008 21 18 20             74 	ld	hl,#0x2018
   000B E5                   75 	push	hl
                             76 ;	genIpush
   000C 21 30 00             77 	ld	hl,#__str_0
   000F E5                   78 	push	hl
                             79 ;	genCall
   0010 CD 00 00             80 	call	_print
   0013 E8 04                81 	lda	sp,4(sp)
                             82 ;	level_3/level_3.c 9
                             83 ;	genIpush
                             84 ; _saveRegsForCall: sendSetSize: 0 deInUse: 0 bcInUse: 0 deSending: 0
   0015 21 18 30             85 	ld	hl,#0x3018
   0018 E5                   86 	push	hl
                             87 ;	genIpush
   0019 21 37 00             88 	ld	hl,#__str_1
   001C E5                   89 	push	hl
                             90 ;	genCall
   001D CD 00 00             91 	call	_print
   0020 E8 04                92 	lda	sp,4(sp)
                             93 ;	level_3/level_3.c 10
                             94 ;	genIpush
                             95 ; _saveRegsForCall: sendSetSize: 0 deInUse: 0 bcInUse: 0 deSending: 0
   0022 21 18 40             96 	ld	hl,#0x4018
   0025 E5                   97 	push	hl
                             98 ;	genIpush
   0026 21 41 00             99 	ld	hl,#__str_2
   0029 E5                  100 	push	hl
                            101 ;	genCall
   002A CD 00 00            102 	call	_print
   002D E8 04               103 	lda	sp,4(sp)
                            104 ;	genLabel
   002F                     105 00101$:
                            106 ;	genEndFunction
                            107 	
   002F C9                  108 	ret
   0030                     109 ___level_3_ctrl_end:
   0030                     110 __str_0:
   0030 68 65 6C 6C 6F 21   111 	.ascii "hello!"
   0036 00                  112 	.db 0x00
   0037                     113 __str_1:
   0037 79 6F 75 27 72 65   114 	.ascii "you're in"
        20 69 6E
   0040 00                  115 	.db 0x00
   0041                     116 __str_2:
   0041 6C 65 76 65 6C 20   117 	.ascii "level 3!"
        33 21
   0049 00                  118 	.db 0x00
                            119 	.area _CODE
ASxxxx Assembler V01.75  (GameBoy Z80-like CPU), page 1.

Symbol Table

    _LETTER_COUNT                      **** GX
  0 ___level_3_ctrl_end                0030 R
  0 ___level_3_ctrl_start              0000 R
  0 __str_0                            0030 R
  0 __str_1                            0037 R
  0 __str_2                            0041 R
  0 _level_3_ctrl                      0000 GR
    _print                             **** GX
    _sprite_clean                      **** GX

ASxxxx Assembler V01.75  (GameBoy Z80-like CPU), page 2.

Area Table

   0 _CODE                              size   4A   flags 0
   1 _DATA                              size    0   flags 0
   2 _OVERLAY                           size    0   flags 0
   3 _ISEG                              size    0   flags 0
   4 _BSEG                              size    0   flags 0
   5 _XSEG                              size    0   flags 0
   6 _GSINIT                            size    0   flags 0
   7 _GSFINAL                           size    0   flags 0
   8 _HOME                              size    0   flags 0
