                              1 ;--------------------------------------------------------
                              2 ; File Created by SDCC : FreeWare ANSI-C Compiler
                              3 ; Version 2.3.1 Fri May  3 22:33:56 2019
                              4 
                              5 ;--------------------------------------------------------
                              6 	.module lcc139100
                              7 	
                              8 ;--------------------------------------------------------
                              9 ; Public variables in this module
                             10 ;--------------------------------------------------------
                             11 	.globl _blank_screen_tiles
                             12 ;--------------------------------------------------------
                             13 ; special function registers
                             14 ;--------------------------------------------------------
                             15 ;--------------------------------------------------------
                             16 ; special function bits 
                             17 ;--------------------------------------------------------
                             18 ;--------------------------------------------------------
                             19 ; internal ram data
                             20 ;--------------------------------------------------------
                             21 	.area _DATA
   0000                      22 _blank_screen_tiles::
   0000                      23 	.ds 64
                             24 ;--------------------------------------------------------
                             25 ; overlayable items in internal ram 
                             26 ;--------------------------------------------------------
                             27 	.area _OVERLAY
                             28 ;--------------------------------------------------------
                             29 ; indirectly addressable internal ram data
                             30 ;--------------------------------------------------------
                             31 	.area _ISEG
                             32 ;--------------------------------------------------------
                             33 ; bit data
                             34 ;--------------------------------------------------------
                             35 	.area _BSEG
                             36 ;--------------------------------------------------------
                             37 ; external ram data
                             38 ;--------------------------------------------------------
                             39 	.area _XSEG
                             40 ;--------------------------------------------------------
                             41 ; global & static initialisations
                             42 ;--------------------------------------------------------
                             43 	.area _GSINIT
                             44 	.area _GSFINAL
                             45 	.area _GSINIT
                             46 ;	text/assets/blank_screen_tiles.c 26
                             47 ;	text/assets/blank_screen_tiles.c 37
                             48 ;	genArrayInit
                             49 ; _saveRegsForCall: sendSetSize: 0 deInUse: 0 bcInUse: 0 deSending: 0
   0000 21 00 00             50 	ld	hl,#_blank_screen_tiles
   0003 CD 00 00             51 	call	__initrleblock
   0006 F0 00                52 	.db	-16,0x00
   0008 1F                   53 	.db	31
   0009 FF 00 FF 00 FF 00    54 	.db	0xFF, 0x00, 0xFF, 0x00, 0xFF, 0x00, 0xFF, 0x00
        FF 00
   0011 FF 00 FF 00 FF 00    55 	.db	0xFF, 0x00, 0xFF, 0x00, 0xFF, 0x00, 0xFF, 0x00
        FF 00
   0019 00 FF 00 FF 00 FF    56 	.db	0x00, 0xFF, 0x00, 0xFF, 0x00, 0xFF, 0x00, 0xFF
        00 FF
   0021 00 FF 00 FF 00 FF    57 	.db	0x00, 0xFF, 0x00, 0xFF, 0x00, 0xFF, 0x00
        00
   0028 EF FF                58 	.db	-17,0xFF
   002A 00                   59 	.db	0
                             60 ;--------------------------------------------------------
                             61 ; Home
                             62 ;--------------------------------------------------------
                             63 	.area _HOME
                             64 	.area _CODE
                             65 ;--------------------------------------------------------
                             66 ; code
                             67 ;--------------------------------------------------------
                             68 	.area _CODE
                             69 	.area _CODE
ASxxxx Assembler V01.75  (GameBoy Z80-like CPU), page 1.

Symbol Table

    __initrleblock                     **** GX
  1 _blank_screen_tiles                0000 GR

ASxxxx Assembler V01.75  (GameBoy Z80-like CPU), page 2.

Area Table

   0 _CODE                              size    0   flags 0
   1 _DATA                              size   40   flags 0
   2 _OVERLAY                           size    0   flags 0
   3 _ISEG                              size    0   flags 0
   4 _BSEG                              size    0   flags 0
   5 _XSEG                              size    0   flags 0
   6 _GSINIT                            size   2B   flags 0
   7 _GSFINAL                           size    0   flags 0
   8 _HOME                              size    0   flags 0
