                              1 ;--------------------------------------------------------
                              2 ; File Created by SDCC : FreeWare ANSI-C Compiler
                              3 ; Version 2.3.1 Mon Mar  4 15:31:12 2019
                              4 
                              5 ;--------------------------------------------------------
                              6 	.module lcc290030
                              7 	
                              8 ;--------------------------------------------------------
                              9 ; Public variables in this module
                             10 ;--------------------------------------------------------
                             11 	.globl _chain_border
                             12 ;--------------------------------------------------------
                             13 ; special function registers
                             14 ;--------------------------------------------------------
                             15 ;--------------------------------------------------------
                             16 ; special function bits 
                             17 ;--------------------------------------------------------
                             18 ;--------------------------------------------------------
                             19 ; internal ram data
                             20 ;--------------------------------------------------------
                             21 	.area _DATA
   0000                      22 _chain_border::
   0000                      23 	.ds 360
                             24 ;--------------------------------------------------------
                             25 ; overlayable items in internal ram 
                             26 ;--------------------------------------------------------
                             27 	.area _OVERLAY
                             28 ;--------------------------------------------------------
                             29 ; indirectly addressable internal ram data
                             30 ;--------------------------------------------------------
                             31 	.area _ISEG
                             32 ;--------------------------------------------------------
                             33 ; bit data
                             34 ;--------------------------------------------------------
                             35 	.area _BSEG
                             36 ;--------------------------------------------------------
                             37 ; external ram data
                             38 ;--------------------------------------------------------
                             39 	.area _XSEG
                             40 ;--------------------------------------------------------
                             41 ; global & static initialisations
                             42 ;--------------------------------------------------------
                             43 	.area _GSINIT
                             44 	.area _GSFINAL
                             45 	.area _GSINIT
                             46 ;	chain_border.c 25
                             47 ;	chain_border.c 64
                             48 ;	genArrayInit
                             49 ; _saveRegsForCall: sendSetSize: 0 deInUse: 0 bcInUse: 0 deSending: 0
   0000 21 00 00             50 	ld	hl,#_chain_border
   0003 CD 00 00             51 	call	__initrleblock
   0006 01                   52 	.db	1
   0007 04                   53 	.db	0x04
   0008 EE 06                54 	.db	-18,0x06
   000A 02                   55 	.db	2
   000B 02 01                56 	.db	0x02, 0x01
   000D EE 00                57 	.db	-18,0x00
   000F 02                   58 	.db	2
   0010 01 01                59 	.db	0x01, 0x01
   0012 EE 00                60 	.db	-18,0x00
   0014 02                   61 	.db	2
   0015 01 01                62 	.db	0x01, 0x01
   0017 EE 00                63 	.db	-18,0x00
   0019 02                   64 	.db	2
   001A 01 01                65 	.db	0x01, 0x01
   001C EE 00                66 	.db	-18,0x00
   001E 02                   67 	.db	2
   001F 01 01                68 	.db	0x01, 0x01
   0021 EE 00                69 	.db	-18,0x00
   0023 02                   70 	.db	2
   0024 01 01                71 	.db	0x01, 0x01
   0026 EE 00                72 	.db	-18,0x00
   0028 02                   73 	.db	2
   0029 01 01                74 	.db	0x01, 0x01
   002B EE 00                75 	.db	-18,0x00
   002D 02                   76 	.db	2
   002E 01 01                77 	.db	0x01, 0x01
   0030 EE 00                78 	.db	-18,0x00
   0032 02                   79 	.db	2
   0033 01 01                80 	.db	0x01, 0x01
   0035 EE 00                81 	.db	-18,0x00
   0037 02                   82 	.db	2
   0038 01 01                83 	.db	0x01, 0x01
   003A EE 00                84 	.db	-18,0x00
   003C 02                   85 	.db	2
   003D 01 01                86 	.db	0x01, 0x01
   003F EE 00                87 	.db	-18,0x00
   0041 02                   88 	.db	2
   0042 01 01                89 	.db	0x01, 0x01
   0044 EE 00                90 	.db	-18,0x00
   0046 02                   91 	.db	2
   0047 01 01                92 	.db	0x01, 0x01
   0049 EE 00                93 	.db	-18,0x00
   004B 02                   94 	.db	2
   004C 01 01                95 	.db	0x01, 0x01
   004E EE 00                96 	.db	-18,0x00
   0050 02                   97 	.db	2
   0051 01 01                98 	.db	0x01, 0x01
   0053 F1 00                99 	.db	-15,0x00
   0055 05                  100 	.db	5
   0056 07 08 09 01 01      101 	.db	0x07, 0x08, 0x09, 0x01, 0x01
   005B EE 00               102 	.db	-18,0x00
   005D 02                  103 	.db	2
   005E 01 05               104 	.db	0x01, 0x05
   0060 EE 06               105 	.db	-18,0x06
   0062 01                  106 	.db	1
   0063 03                  107 	.db	0x03
   0064 00                  108 	.db	0
                            109 ;--------------------------------------------------------
                            110 ; Home
                            111 ;--------------------------------------------------------
                            112 	.area _HOME
                            113 	.area _CODE
                            114 ;--------------------------------------------------------
                            115 ; code
                            116 ;--------------------------------------------------------
                            117 	.area _CODE
                            118 	.area _CODE
ASxxxx Assembler V01.75  (GameBoy Z80-like CPU), page 1.

Symbol Table

    __initrleblock                     **** GX
  1 _chain_border                      0000 GR

ASxxxx Assembler V01.75  (GameBoy Z80-like CPU), page 2.

Area Table

   0 _CODE                              size    0   flags 0
   1 _DATA                              size  168   flags 0
   2 _OVERLAY                           size    0   flags 0
   3 _ISEG                              size    0   flags 0
   4 _BSEG                              size    0   flags 0
   5 _XSEG                              size    0   flags 0
   6 _GSINIT                            size   65   flags 0
   7 _GSFINAL                           size    0   flags 0
   8 _HOME                              size    0   flags 0
