                              1 ;--------------------------------------------------------
                              2 ; File Created by SDCC : FreeWare ANSI-C Compiler
                              3 ; Version 2.3.1 Fri May  3 22:33:56 2019
                              4 
                              5 ;--------------------------------------------------------
                              6 	.module lcc139060
                              7 	
                              8 ;--------------------------------------------------------
                              9 ; Public variables in this module
                             10 ;--------------------------------------------------------
                             11 	.globl _font
                             12 ;--------------------------------------------------------
                             13 ; special function registers
                             14 ;--------------------------------------------------------
                             15 ;--------------------------------------------------------
                             16 ; special function bits 
                             17 ;--------------------------------------------------------
                             18 ;--------------------------------------------------------
                             19 ; internal ram data
                             20 ;--------------------------------------------------------
                             21 	.area _DATA
   0000                      22 _font::
   0000                      23 	.ds 736
                             24 ;--------------------------------------------------------
                             25 ; overlayable items in internal ram 
                             26 ;--------------------------------------------------------
                             27 	.area _OVERLAY
                             28 ;--------------------------------------------------------
                             29 ; indirectly addressable internal ram data
                             30 ;--------------------------------------------------------
                             31 	.area _ISEG
                             32 ;--------------------------------------------------------
                             33 ; bit data
                             34 ;--------------------------------------------------------
                             35 	.area _BSEG
                             36 ;--------------------------------------------------------
                             37 ; external ram data
                             38 ;--------------------------------------------------------
                             39 	.area _XSEG
                             40 ;--------------------------------------------------------
                             41 ; global & static initialisations
                             42 ;--------------------------------------------------------
                             43 	.area _GSINIT
                             44 	.area _GSFINAL
                             45 	.area _GSINIT
                             46 ;	text/assets/font.c 26
                             47 ;	text/assets/font.c 121
                             48 ;	genArrayInit
                             49 ; _saveRegsForCall: sendSetSize: 0 deInUse: 0 bcInUse: 0 deSending: 0
   0000 21 00 00             50 	ld	hl,#_font
   0003 CD 00 00             51 	call	__initrleblock
   0006 0A                   52 	.db	10
   0007 1C 1C 22 22 43 43    53 	.db	0x1C, 0x1C, 0x22, 0x22, 0x43, 0x43, 0x43, 0x43
        43 43
   000F 7F 7F                54 	.db	0x7F, 0x7F
   0011 FA 43                55 	.db	-6,0x43
   0013 08                   56 	.db	8
   0014 7E 7E 63 63 63 63    57 	.db	0x7E, 0x7E, 0x63, 0x63, 0x63, 0x63, 0x7E, 0x7E
        7E 7E
   001C FA 63                58 	.db	-6,0x63
   001E 06                   59 	.db	6
   001F 7E 7E 3E 3E 63 63    60 	.db	0x7E, 0x7E, 0x3E, 0x3E, 0x63, 0x63
   0025 F8 60                61 	.db	-8,0x60
   0027 06                   62 	.db	6
   0028 63 63 3E 3E 7E 7E    63 	.db	0x63, 0x63, 0x3E, 0x3E, 0x7E, 0x7E
   002E F4 47                64 	.db	-12,0x47
   0030 0A                   65 	.db	10
   0031 7E 7E 7F 7F 60 60    66 	.db	0x7E, 0x7E, 0x7F, 0x7F, 0x60, 0x60, 0x60, 0x60
        60 60
   0039 7E 7E                67 	.db	0x7E, 0x7E
   003B FA 60                68 	.db	-6,0x60
   003D 0A                   69 	.db	10
   003E 7F 7F 7F 7F 60 60    70 	.db	0x7F, 0x7F, 0x7F, 0x7F, 0x60, 0x60, 0x60, 0x60
        60 60
   0046 7E 7E                71 	.db	0x7E, 0x7E
   0048 F8 60                72 	.db	-8,0x60
   004A 10                   73 	.db	16
   004B 3E 3E 63 63 60 60    74 	.db	0x3E, 0x3E, 0x63, 0x63, 0x60, 0x60, 0x60, 0x60
        60 60
   0053 67 67 63 63 63 63    75 	.db	0x67, 0x67, 0x63, 0x63, 0x63, 0x63, 0x3F, 0x3F
        3F 3F
   005B FA 43                76 	.db	-6,0x43
   005D 02                   77 	.db	2
   005E 7F 7F                78 	.db	0x7F, 0x7F
   0060 F8 43                79 	.db	-8,0x43
   0062 02                   80 	.db	2
   0063 3C 3C                81 	.db	0x3C, 0x3C
   0065 F4 18                82 	.db	-12,0x18
   0067 04                   83 	.db	4
   0068 3C 3C 0F 0F          84 	.db	0x3C, 0x3C, 0x0F, 0x0F
   006C F8 06                85 	.db	-8,0x06
   006E 16                   86 	.db	22
   006F 36 36 36 36 1C 1C    87 	.db	0x36, 0x36, 0x36, 0x36, 0x1C, 0x1C, 0x66, 0x66
        66 66
   0077 6C 6C 78 78 70 70    88 	.db	0x6C, 0x6C, 0x78, 0x78, 0x70, 0x70, 0x78, 0x78
        78 78
   007F 6C 6C 66 66 63 63    89 	.db	0x6C, 0x6C, 0x66, 0x66, 0x63, 0x63
   0085 F2 60                90 	.db	-14,0x60
   0087 0A                   91 	.db	10
   0088 7F 7F 63 63 77 77    92 	.db	0x7F, 0x7F, 0x63, 0x63, 0x77, 0x77, 0x7F, 0x7F
        7F 7F
   0090 6B 6B                93 	.db	0x6B, 0x6B
   0092 F8 63                94 	.db	-8,0x63
   0094 12                   95 	.db	18
   0095 43 43 63 63 73 73    96 	.db	0x43, 0x43, 0x63, 0x63, 0x73, 0x73, 0x7B, 0x7B
        7B 7B
   009D 5F 5F 4F 4F 47 47    97 	.db	0x5F, 0x5F, 0x4F, 0x4F, 0x47, 0x47, 0x43, 0x43
        43 43
   00A5 3E 3E                98 	.db	0x3E, 0x3E
   00A7 F4 63                99 	.db	-12,0x63
   00A9 04                  100 	.db	4
   00AA 3E 3E 7E 7E         101 	.db	0x3E, 0x3E, 0x7E, 0x7E
   00AE FA 63               102 	.db	-6,0x63
   00B0 02                  103 	.db	2
   00B1 7E 7E               104 	.db	0x7E, 0x7E
   00B3 FA 60               105 	.db	-6,0x60
   00B5 02                  106 	.db	2
   00B6 3E 3E               107 	.db	0x3E, 0x3E
   00B8 F8 61               108 	.db	-8,0x61
   00BA 08                  109 	.db	8
   00BB 65 65 62 62 3D 3D   110 	.db	0x65, 0x65, 0x62, 0x62, 0x3D, 0x3D, 0x7E, 0x7E
        7E 7E
   00C3 FA 63               111 	.db	-6,0x63
   00C5 1A                  112 	.db	26
   00C6 7E 7E 64 64 66 66   113 	.db	0x7E, 0x7E, 0x64, 0x64, 0x66, 0x66, 0x63, 0x63
        63 63
   00CE 3E 3E 60 60 60 60   114 	.db	0x3E, 0x3E, 0x60, 0x60, 0x60, 0x60, 0x3E, 0x3E
        3E 3E
   00D6 07 07 07 07 67 67   115 	.db	0x07, 0x07, 0x07, 0x07, 0x67, 0x67, 0x3E, 0x3E
        3E 3E
   00DE 7E 7E               116 	.db	0x7E, 0x7E
   00E0 F2 18               117 	.db	-14,0x18
   00E2 F4 43               118 	.db	-12,0x43
   00E4 04                  119 	.db	4
   00E5 47 47 3E 3E         120 	.db	0x47, 0x47, 0x3E, 0x3E
   00E9 F4 43               121 	.db	-12,0x43
   00EB 04                  122 	.db	4
   00EC 26 26 1C 1C         123 	.db	0x26, 0x26, 0x1C, 0x1C
   00F0 F8 63               124 	.db	-8,0x63
   00F2 1E                  125 	.db	30
   00F3 6B 6B 7F 7F 77 77   126 	.db	0x6B, 0x6B, 0x7F, 0x7F, 0x77, 0x77, 0x63, 0x63
        63 63
   00FB 83 83 46 46 2C 2C   127 	.db	0x83, 0x83, 0x46, 0x46, 0x2C, 0x2C, 0x18, 0x18
        18 18
   0103 38 38 64 64 C2 C2   128 	.db	0x38, 0x38, 0x64, 0x64, 0xC2, 0xC2, 0x81, 0x81
        81 81
   010B 66 66 66 66 3C 3C   129 	.db	0x66, 0x66, 0x66, 0x66, 0x3C, 0x3C
   0111 F6 18               130 	.db	-10,0x18
   0113 24                  131 	.db	36
   0114 7F 7F 03 03 07 07   132 	.db	0x7F, 0x7F, 0x03, 0x03, 0x07, 0x07, 0x0E, 0x0E
        0E 0E
   011C 1C 1C 38 38 7F 7F   133 	.db	0x1C, 0x1C, 0x38, 0x38, 0x7F, 0x7F, 0x7F, 0x7F
        7F 7F
   0124 3C 3C 66 66 66 66   134 	.db	0x3C, 0x3C, 0x66, 0x66, 0x66, 0x66, 0x6E, 0x6E
        6E 6E
   012C 76 76 66 66 66 66   135 	.db	0x76, 0x76, 0x66, 0x66, 0x66, 0x66, 0x3C, 0x3C
        3C 3C
   0134 18 18 38 38         136 	.db	0x18, 0x18, 0x38, 0x38
   0138 F6 18               137 	.db	-10,0x18
   013A 26                  138 	.db	38
   013B 3C 3C 3C 3C 4E 4E   139 	.db	0x3C, 0x3C, 0x3C, 0x3C, 0x4E, 0x4E, 0x0E, 0x0E
        0E 0E
   0143 0C 0C 38 38 70 70   140 	.db	0x0C, 0x0C, 0x38, 0x38, 0x70, 0x70, 0x7E, 0x7E
        7E 7E
   014B 7E 7E 7C 7C 0E 0E   141 	.db	0x7E, 0x7E, 0x7C, 0x7C, 0x0E, 0x0E, 0x0E, 0x0E
        0E 0E
   0153 3C 3C 0C 0C 0E 0E   142 	.db	0x3C, 0x3C, 0x0C, 0x0C, 0x0E, 0x0E, 0x0E, 0x0E
        0E 0E
   015B 7C 7C 3C 3C 6C 6C   143 	.db	0x7C, 0x7C, 0x3C, 0x3C, 0x6C, 0x6C
   0161 FA 4C               144 	.db	-6,0x4C
   0163 1E                  145 	.db	30
   0164 7E 7E 0C 0C 0C 0C   146 	.db	0x7E, 0x7E, 0x0C, 0x0C, 0x0C, 0x0C, 0x7C, 0x7C
        7C 7C
   016C 60 60 60 60 7C 7C   147 	.db	0x60, 0x60, 0x60, 0x60, 0x7C, 0x7C, 0x0E, 0x0E
        0E 0E
   0174 0E 0E 4E 4E 3C 3C   148 	.db	0x0E, 0x0E, 0x4E, 0x4E, 0x3C, 0x3C, 0x3C, 0x3C
        3C 3C
   017C 60 60 60 60 7C 7C   149 	.db	0x60, 0x60, 0x60, 0x60, 0x7C, 0x7C
   0182 FA 66               150 	.db	-6,0x66
   0184 0E                  151 	.db	14
   0185 3C 3C 7E 7E 06 06   152 	.db	0x3C, 0x3C, 0x7E, 0x7E, 0x06, 0x06, 0x06, 0x06
        06 06
   018D 0C 0C 0C 0C 1C 1C   153 	.db	0x0C, 0x0C, 0x0C, 0x0C, 0x1C, 0x1C
   0193 FA 3C               154 	.db	-6,0x3C
   0195 06                  155 	.db	6
   0196 4E 4E 4E 4E 3C 3C   156 	.db	0x4E, 0x4E, 0x4E, 0x4E, 0x3C, 0x3C
   019C FA 4E               157 	.db	-6,0x4E
   019E 0A                  158 	.db	10
   019F 3C 3C 3C 3C 4E 4E   159 	.db	0x3C, 0x3C, 0x3C, 0x3C, 0x4E, 0x4E, 0x4E, 0x4E
        4E 4E
   01A7 3E 3E               160 	.db	0x3E, 0x3E
   01A9 FA 0E               161 	.db	-6,0x0E
   01AB 02                  162 	.db	2
   01AC 38 38               163 	.db	0x38, 0x38
   01AE F4 00               164 	.db	-12,0x00
   01B0 04                  165 	.db	4
   01B1 18 18 18 18         166 	.db	0x18, 0x18, 0x18, 0x18
   01B5 F8 00               167 	.db	-8,0x00
   01B7 0E                  168 	.db	14
   01B8 18 18 18 18 08 08   169 	.db	0x18, 0x18, 0x18, 0x18, 0x08, 0x08, 0x10, 0x10
        10 10
   01C0 00 00 18 18 18 18   170 	.db	0x00, 0x00, 0x18, 0x18, 0x18, 0x18
   01C6 FA 00               171 	.db	-6,0x00
   01C8 14                  172 	.db	20
   01C9 18 18 18 18 01 01   173 	.db	0x18, 0x18, 0x18, 0x18, 0x01, 0x01, 0x03, 0x03
        03 03
   01D1 06 06 0C 0C 18 18   174 	.db	0x06, 0x06, 0x0C, 0x0C, 0x18, 0x18, 0x30, 0x30
        30 30
   01D9 60 60 40 40         175 	.db	0x60, 0x60, 0x40, 0x40
   01DD EE 00               176 	.db	-18,0x00
   01DF 14                  177 	.db	20
   01E0 C0 C0 F0 F0 FC FC   178 	.db	0xC0, 0xC0, 0xF0, 0xF0, 0xFC, 0xFC, 0xFC, 0xFC
        FC FC
   01E8 F0 F0 C0 C0 00 00   179 	.db	0xF0, 0xF0, 0xC0, 0xC0, 0x00, 0x00, 0x0C, 0x0C
        0C 0C
   01F0 0C 0C 04 04         180 	.db	0x0C, 0x0C, 0x04, 0x04
   01F4 F4 00               181 	.db	-12,0x00
   01F6 F6 18               182 	.db	-10,0x18
   01F8 0A                  183 	.db	10
   01F9 00 00 18 18 36 36   184 	.db	0x00, 0x00, 0x18, 0x18, 0x36, 0x36, 0x36, 0x36
        36 36
   0201 12 12               185 	.db	0x12, 0x12
   0203 F6 00               186 	.db	-10,0x00
   0205 10                  187 	.db	16
   0206 3C 3C 46 46 06 06   188 	.db	0x3C, 0x3C, 0x46, 0x46, 0x06, 0x06, 0x06, 0x06
        06 06
   020E 1C 1C 18 18 00 00   189 	.db	0x1C, 0x1C, 0x18, 0x18, 0x00, 0x00, 0x18, 0x18
        18 18
   0216 00                  190 	.db	0
                            191 ;--------------------------------------------------------
                            192 ; Home
                            193 ;--------------------------------------------------------
                            194 	.area _HOME
                            195 	.area _CODE
                            196 ;--------------------------------------------------------
                            197 ; code
                            198 ;--------------------------------------------------------
                            199 	.area _CODE
                            200 	.area _CODE
ASxxxx Assembler V01.75  (GameBoy Z80-like CPU), page 1.

Symbol Table

    __initrleblock                     **** GX
  1 _font                              0000 GR

ASxxxx Assembler V01.75  (GameBoy Z80-like CPU), page 2.

Area Table

   0 _CODE                              size    0   flags 0
   1 _DATA                              size  2E0   flags 0
   2 _OVERLAY                           size    0   flags 0
   3 _ISEG                              size    0   flags 0
   4 _BSEG                              size    0   flags 0
   5 _XSEG                              size    0   flags 0
   6 _GSINIT                            size  217   flags 0
   7 _GSFINAL                           size    0   flags 0
   8 _HOME                              size    0   flags 0
