                              1 ;--------------------------------------------------------
                              2 ; File Created by SDCC : FreeWare ANSI-C Compiler
                              3 ; Version 2.3.1 Fri May  3 22:33:57 2019
                              4 
                              5 ;--------------------------------------------------------
                              6 	.module lcc139940
                              7 	
                              8 ;--------------------------------------------------------
                              9 ; Public variables in this module
                             10 ;--------------------------------------------------------
                             11 	.globl _asakawa_hp
                             12 	.globl _hero_hp
                             13 	.globl _bed_posy
                             14 	.globl _bed_posx
                             15 	.globl _asakawa_posy
                             16 	.globl _asakawa_posx
                             17 	.globl _student2_posy
                             18 	.globl _student2_posx
                             19 	.globl _student_posy
                             20 	.globl _student_posx
                             21 	.globl _miner_posy
                             22 	.globl _miner_posx
                             23 	.globl _fisherman2_posy
                             24 	.globl _fisherman2_posx
                             25 	.globl _fisherman_posy
                             26 	.globl _fisherman_posx
                             27 	.globl _hero_posy
                             28 	.globl _hero_posx
                             29 	.globl _anim_2
                             30 	.globl _anim_1
                             31 	.globl _health_loss
                             32 	.globl _crabs_to_catch
                             33 	.globl _appeared
                             34 	.globl _striking
                             35 	.globl _REVOLUTION_2
                             36 	.globl _REVOLUTION_1
                             37 	.globl _revolt
                             38 	.globl _talked
                             39 	.globl _slept
                             40 	.globl _talking
                             41 	.globl _sprite_width
                             42 ;--------------------------------------------------------
                             43 ; special function registers
                             44 ;--------------------------------------------------------
                             45 ;--------------------------------------------------------
                             46 ; special function bits 
                             47 ;--------------------------------------------------------
                             48 ;--------------------------------------------------------
                             49 ; internal ram data
                             50 ;--------------------------------------------------------
                             51 	.area _DATA
   0000                      52 _sprite_width::
   0000                      53 	.ds 1
   0001                      54 _talking::
   0001                      55 	.ds 1
   0002                      56 _slept::
   0002                      57 	.ds 1
   0003                      58 _talked::
   0003                      59 	.ds 1
   0004                      60 _revolt::
   0004                      61 	.ds 1
   0005                      62 _REVOLUTION_1::
   0005                      63 	.ds 1
   0006                      64 _REVOLUTION_2::
   0006                      65 	.ds 1
   0007                      66 _striking::
   0007                      67 	.ds 1
   0008                      68 _appeared::
   0008                      69 	.ds 1
   0009                      70 _crabs_to_catch::
   0009                      71 	.ds 1
   000A                      72 _health_loss::
   000A                      73 	.ds 1
   000B                      74 _anim_1::
   000B                      75 	.ds 1
   000C                      76 _anim_2::
   000C                      77 	.ds 1
   000D                      78 _hero_posx::
   000D                      79 	.ds 1
   000E                      80 _hero_posy::
   000E                      81 	.ds 1
   000F                      82 _fisherman_posx::
   000F                      83 	.ds 1
   0010                      84 _fisherman_posy::
   0010                      85 	.ds 1
   0011                      86 _fisherman2_posx::
   0011                      87 	.ds 1
   0012                      88 _fisherman2_posy::
   0012                      89 	.ds 1
   0013                      90 _miner_posx::
   0013                      91 	.ds 1
   0014                      92 _miner_posy::
   0014                      93 	.ds 1
   0015                      94 _student_posx::
   0015                      95 	.ds 1
   0016                      96 _student_posy::
   0016                      97 	.ds 1
   0017                      98 _student2_posx::
   0017                      99 	.ds 1
   0018                     100 _student2_posy::
   0018                     101 	.ds 1
   0019                     102 _asakawa_posx::
   0019                     103 	.ds 1
   001A                     104 _asakawa_posy::
   001A                     105 	.ds 1
   001B                     106 _bed_posx::
   001B                     107 	.ds 1
   001C                     108 _bed_posy::
   001C                     109 	.ds 1
   001D                     110 _hero_hp::
   001D                     111 	.ds 1
   001E                     112 _asakawa_hp::
   001E                     113 	.ds 2
                            114 ;--------------------------------------------------------
                            115 ; overlayable items in internal ram 
                            116 ;--------------------------------------------------------
                            117 	.area _OVERLAY
                            118 ;--------------------------------------------------------
                            119 ; indirectly addressable internal ram data
                            120 ;--------------------------------------------------------
                            121 	.area _ISEG
                            122 ;--------------------------------------------------------
                            123 ; bit data
                            124 ;--------------------------------------------------------
                            125 	.area _BSEG
                            126 ;--------------------------------------------------------
                            127 ; external ram data
                            128 ;--------------------------------------------------------
                            129 	.area _XSEG
                            130 ;--------------------------------------------------------
                            131 ; global & static initialisations
                            132 ;--------------------------------------------------------
                            133 	.area _GSINIT
                            134 	.area _GSFINAL
                            135 	.area _GSINIT
                            136 ;	assets/level_assets/level_assets.c 12
                            137 ;	genAssign
                            138 ;	AOP_HL for _sprite_width
   0000 21 00 00            139 	ld	hl,#_sprite_width
   0003 36 08               140 	ld	(hl),#0x08
                            141 ;	assets/level_assets/level_assets.c 14
                            142 ;	genAssign
                            143 ;	AOP_HL for _talking
   0005 21 01 00            144 	ld	hl,#_talking
   0008 36 01               145 	ld	(hl),#0x01
                            146 ;	assets/level_assets/level_assets.c 15
                            147 ;	genAssign
                            148 ;	AOP_HL for _slept
   000A 21 02 00            149 	ld	hl,#_slept
   000D 36 00               150 	ld	(hl),#0x00
                            151 ;	assets/level_assets/level_assets.c 16
                            152 ;	genAssign
                            153 ;	AOP_HL for _talked
   000F 21 03 00            154 	ld	hl,#_talked
   0012 36 00               155 	ld	(hl),#0x00
                            156 ;	assets/level_assets/level_assets.c 17
                            157 ;	genAssign
                            158 ;	AOP_HL for _revolt
   0014 21 04 00            159 	ld	hl,#_revolt
   0017 36 00               160 	ld	(hl),#0x00
                            161 ;	assets/level_assets/level_assets.c 18
                            162 ;	genAssign
                            163 ;	AOP_HL for _REVOLUTION_1
   0019 21 05 00            164 	ld	hl,#_REVOLUTION_1
   001C 36 00               165 	ld	(hl),#0x00
                            166 ;	assets/level_assets/level_assets.c 19
                            167 ;	genAssign
                            168 ;	AOP_HL for _REVOLUTION_2
   001E 21 06 00            169 	ld	hl,#_REVOLUTION_2
   0021 36 00               170 	ld	(hl),#0x00
                            171 ;	assets/level_assets/level_assets.c 20
                            172 ;	genAssign
                            173 ;	AOP_HL for _striking
   0023 21 07 00            174 	ld	hl,#_striking
   0026 36 00               175 	ld	(hl),#0x00
                            176 ;	assets/level_assets/level_assets.c 21
                            177 ;	genAssign
                            178 ;	AOP_HL for _appeared
   0028 21 08 00            179 	ld	hl,#_appeared
   002B 36 00               180 	ld	(hl),#0x00
                            181 ;	assets/level_assets/level_assets.c 22
                            182 ;	genAssign
                            183 ;	AOP_HL for _crabs_to_catch
   002D 21 09 00            184 	ld	hl,#_crabs_to_catch
   0030 36 01               185 	ld	(hl),#0x01
                            186 ;	assets/level_assets/level_assets.c 23
                            187 ;	genAssign
                            188 ;	AOP_HL for _health_loss
   0032 21 0A 00            189 	ld	hl,#_health_loss
   0035 36 00               190 	ld	(hl),#0x00
                            191 ;	assets/level_assets/level_assets.c 25
                            192 ;	genAssign
                            193 ;	AOP_HL for _anim_1
   0037 21 0B 00            194 	ld	hl,#_anim_1
   003A 36 20               195 	ld	(hl),#0x20
                            196 ;	assets/level_assets/level_assets.c 26
                            197 ;	genAssign
                            198 ;	AOP_HL for _anim_2
   003C 21 0C 00            199 	ld	hl,#_anim_2
   003F 36 22               200 	ld	(hl),#0x22
                            201 ;	assets/level_assets/level_assets.c 28
                            202 ;	genAssign
                            203 ;	AOP_HL for _hero_posx
   0041 21 0D 00            204 	ld	hl,#_hero_posx
   0044 36 C8               205 	ld	(hl),#0xC8
                            206 ;	assets/level_assets/level_assets.c 29
                            207 ;	genAssign
                            208 ;	AOP_HL for _hero_posy
   0046 21 0E 00            209 	ld	hl,#_hero_posy
   0049 36 C8               210 	ld	(hl),#0xC8
                            211 ;	assets/level_assets/level_assets.c 30
                            212 ;	genAssign
                            213 ;	AOP_HL for _fisherman_posx
   004B 21 0F 00            214 	ld	hl,#_fisherman_posx
   004E 36 C8               215 	ld	(hl),#0xC8
                            216 ;	assets/level_assets/level_assets.c 31
                            217 ;	genAssign
                            218 ;	AOP_HL for _fisherman_posy
   0050 21 10 00            219 	ld	hl,#_fisherman_posy
   0053 36 C8               220 	ld	(hl),#0xC8
                            221 ;	assets/level_assets/level_assets.c 32
                            222 ;	genAssign
                            223 ;	AOP_HL for _fisherman2_posx
   0055 21 11 00            224 	ld	hl,#_fisherman2_posx
   0058 36 C8               225 	ld	(hl),#0xC8
                            226 ;	assets/level_assets/level_assets.c 33
                            227 ;	genAssign
                            228 ;	AOP_HL for _fisherman2_posy
   005A 21 12 00            229 	ld	hl,#_fisherman2_posy
   005D 36 C8               230 	ld	(hl),#0xC8
                            231 ;	assets/level_assets/level_assets.c 34
                            232 ;	genAssign
                            233 ;	AOP_HL for _miner_posx
   005F 21 13 00            234 	ld	hl,#_miner_posx
   0062 36 C8               235 	ld	(hl),#0xC8
                            236 ;	assets/level_assets/level_assets.c 35
                            237 ;	genAssign
                            238 ;	AOP_HL for _miner_posy
   0064 21 14 00            239 	ld	hl,#_miner_posy
   0067 36 C8               240 	ld	(hl),#0xC8
                            241 ;	assets/level_assets/level_assets.c 36
                            242 ;	genAssign
                            243 ;	AOP_HL for _student_posx
   0069 21 15 00            244 	ld	hl,#_student_posx
   006C 36 C8               245 	ld	(hl),#0xC8
                            246 ;	assets/level_assets/level_assets.c 37
                            247 ;	genAssign
                            248 ;	AOP_HL for _student_posy
   006E 21 16 00            249 	ld	hl,#_student_posy
   0071 36 C8               250 	ld	(hl),#0xC8
                            251 ;	assets/level_assets/level_assets.c 38
                            252 ;	genAssign
                            253 ;	AOP_HL for _student2_posx
   0073 21 17 00            254 	ld	hl,#_student2_posx
   0076 36 C8               255 	ld	(hl),#0xC8
                            256 ;	assets/level_assets/level_assets.c 39
                            257 ;	genAssign
                            258 ;	AOP_HL for _student2_posy
   0078 21 18 00            259 	ld	hl,#_student2_posy
   007B 36 C8               260 	ld	(hl),#0xC8
                            261 ;	assets/level_assets/level_assets.c 40
                            262 ;	genAssign
                            263 ;	AOP_HL for _asakawa_posx
   007D 21 19 00            264 	ld	hl,#_asakawa_posx
   0080 36 C8               265 	ld	(hl),#0xC8
                            266 ;	assets/level_assets/level_assets.c 41
                            267 ;	genAssign
                            268 ;	AOP_HL for _asakawa_posy
   0082 21 1A 00            269 	ld	hl,#_asakawa_posy
   0085 36 C8               270 	ld	(hl),#0xC8
                            271 ;	assets/level_assets/level_assets.c 42
                            272 ;	genAssign
                            273 ;	AOP_HL for _bed_posx
   0087 21 1B 00            274 	ld	hl,#_bed_posx
   008A 36 C8               275 	ld	(hl),#0xC8
                            276 ;	assets/level_assets/level_assets.c 43
                            277 ;	genAssign
                            278 ;	AOP_HL for _bed_posy
   008C 21 1C 00            279 	ld	hl,#_bed_posy
   008F 36 C8               280 	ld	(hl),#0xC8
                            281 ;	assets/level_assets/level_assets.c 45
                            282 ;	genAssign
                            283 ;	AOP_HL for _hero_hp
   0091 21 1D 00            284 	ld	hl,#_hero_hp
   0094 36 0A               285 	ld	(hl),#0x0A
                            286 ;	assets/level_assets/level_assets.c 46
                            287 ;	genAssign
                            288 ;	AOP_HL for _asakawa_hp
   0096 21 1E 00            289 	ld	hl,#_asakawa_hp
   0099 36 64               290 	ld	(hl),#0x64
   009B 23                  291 	inc	hl
   009C 36 00               292 	ld	(hl),#0x00
                            293 ;--------------------------------------------------------
                            294 ; Home
                            295 ;--------------------------------------------------------
                            296 	.area _HOME
                            297 	.area _CODE
                            298 ;--------------------------------------------------------
                            299 ; code
                            300 ;--------------------------------------------------------
                            301 	.area _CODE
                            302 	.area _CODE
ASxxxx Assembler V01.75  (GameBoy Z80-like CPU), page 1.

Symbol Table

  1 _REVOLUTION_1                      0005 GR
  1 _REVOLUTION_2                      0006 GR
  1 _anim_1                            000B GR
  1 _anim_2                            000C GR
  1 _appeared                          0008 GR
  1 _asakawa_hp                        001E GR
  1 _asakawa_posx                      0019 GR
  1 _asakawa_posy                      001A GR
  1 _bed_posx                          001B GR
  1 _bed_posy                          001C GR
  1 _crabs_to_catch                    0009 GR
  1 _fisherman2_posx                   0011 GR
  1 _fisherman2_posy                   0012 GR
  1 _fisherman_posx                    000F GR
  1 _fisherman_posy                    0010 GR
  1 _health_loss                       000A GR
  1 _hero_hp                           001D GR
  1 _hero_posx                         000D GR
  1 _hero_posy                         000E GR
  1 _miner_posx                        0013 GR
  1 _miner_posy                        0014 GR
  1 _revolt                            0004 GR
  1 _slept                             0002 GR
  1 _sprite_width                      0000 GR
  1 _striking                          0007 GR
  1 _student2_posx                     0017 GR
  1 _student2_posy                     0018 GR
  1 _student_posx                      0015 GR
  1 _student_posy                      0016 GR
  1 _talked                            0003 GR
  1 _talking                           0001 GR

ASxxxx Assembler V01.75  (GameBoy Z80-like CPU), page 2.

Area Table

   0 _CODE                              size    0   flags 0
   1 _DATA                              size   20   flags 0
   2 _OVERLAY                           size    0   flags 0
   3 _ISEG                              size    0   flags 0
   4 _BSEG                              size    0   flags 0
   5 _XSEG                              size    0   flags 0
   6 _GSINIT                            size   9E   flags 0
   7 _GSFINAL                           size    0   flags 0
   8 _HOME                              size    0   flags 0
