                              1 ;--------------------------------------------------------
                              2 ; File Created by SDCC : FreeWare ANSI-C Compiler
                              3 ; Version 2.3.1 Thu Apr 18 19:52:42 2019
                              4 
                              5 ;--------------------------------------------------------
                              6 	.module lcc290050
                              7 	
                              8 ;--------------------------------------------------------
                              9 ; Public variables in this module
                             10 ;--------------------------------------------------------
                             11 	.globl _asakawa_walk_side
                             12 ;--------------------------------------------------------
                             13 ; special function registers
                             14 ;--------------------------------------------------------
                             15 ;--------------------------------------------------------
                             16 ; special function bits 
                             17 ;--------------------------------------------------------
                             18 ;--------------------------------------------------------
                             19 ; internal ram data
                             20 ;--------------------------------------------------------
                             21 	.area _DATA
   0000                      22 _asakawa_walk_side::
   0000                      23 	.ds 128
                             24 ;--------------------------------------------------------
                             25 ; overlayable items in internal ram 
                             26 ;--------------------------------------------------------
                             27 	.area _OVERLAY
                             28 ;--------------------------------------------------------
                             29 ; indirectly addressable internal ram data
                             30 ;--------------------------------------------------------
                             31 	.area _ISEG
                             32 ;--------------------------------------------------------
                             33 ; bit data
                             34 ;--------------------------------------------------------
                             35 	.area _BSEG
                             36 ;--------------------------------------------------------
                             37 ; external ram data
                             38 ;--------------------------------------------------------
                             39 	.area _XSEG
                             40 ;--------------------------------------------------------
                             41 ; global & static initialisations
                             42 ;--------------------------------------------------------
                             43 	.area _GSINIT
                             44 	.area _GSFINAL
                             45 	.area _GSINIT
                             46 ;	asakawa_walk_sideways.c 26
                             47 ;	asakawa_walk_sideways.c 45
                             48 ;	genArrayInit
                             49 ; _saveRegsForCall: sendSetSize: 0 deInUse: 0 bcInUse: 0 deSending: 0
   0000 21 00 00             50 	ld	hl,#_asakawa_walk_side
   0003 CD 00 00             51 	call	__initrleblock
   0006 22                   52 	.db	34
   0007 0F 4F 1F 9F 1F 91    53 	.db	0x0F, 0x4F, 0x1F, 0x9F, 0x1F, 0x91, 0x0F, 0x44
        0F 44
   000F 0F 80 8F 70 0F 00    54 	.db	0x0F, 0x80, 0x8F, 0x70, 0x0F, 0x00, 0x03, 0x03
        03 03
   0017 02 02 00 07 00 07    55 	.db	0x02, 0x02, 0x00, 0x07, 0x00, 0x07, 0x00, 0x07
        00 07
   001F 00 07 00 07 0F 0F    56 	.db	0x00, 0x07, 0x00, 0x07, 0x0F, 0x0F, 0x00, 0x00
        00 00
   0027 F0 F0                57 	.db	0xF0, 0xF0
   0029 FB F8                58 	.db	-5,0xF8
   002B 3B                   59 	.db	59
   002C B8 F8 18 F0 00 F0    60 	.db	0xB8, 0xF8, 0x18, 0xF0, 0x00, 0xF0, 0x00, 0x00
        00 00
   0034 F8 00 F8 00 F8 00    61 	.db	0xF8, 0x00, 0xF8, 0x00, 0xF8, 0x00, 0xF8, 0x00
        F8 00
   003C F8 30 C8 30 C8 80    62 	.db	0xF8, 0x30, 0xC8, 0x30, 0xC8, 0x80, 0xF8, 0xF8
        F8 F8
   0044 F8 0F 4F 1F 9F 1F    63 	.db	0xF8, 0x0F, 0x4F, 0x1F, 0x9F, 0x1F, 0x91, 0x0F
        91 0F
   004C 44 0F 80 8F 70 0F    64 	.db	0x44, 0x0F, 0x80, 0x8F, 0x70, 0x0F, 0x00, 0x03
        00 03
   0054 03 02 02 00 07 00    65 	.db	0x03, 0x02, 0x02, 0x00, 0x07, 0x00, 0x07, 0x00
        07 00
   005C 07 00 07 00 07 00    66 	.db	0x07, 0x00, 0x07, 0x00, 0x07, 0x00, 0x07, 0x0F
        07 0F
   0064 0F F0 F0             67 	.db	0x0F, 0xF0, 0xF0
   0067 FB F8                68 	.db	-5,0xF8
   0069 19                   69 	.db	25
   006A B8 F8 18 F0 00 00    70 	.db	0xB8, 0xF8, 0x18, 0xF0, 0x00, 0x00, 0xF8, 0x00
        F8 00
   0072 F8 00 F8 00 F8 00    71 	.db	0xF8, 0x00, 0xF8, 0x00, 0xF8, 0x00, 0xF8, 0x30
        F8 30
   007A C8 30 C8 00 F8 F8    72 	.db	0xC8, 0x30, 0xC8, 0x00, 0xF8, 0xF8, 0xF8, 0x80
        F8 80
   0082 80                   73 	.db	0x80
   0083 00                   74 	.db	0
                             75 ;--------------------------------------------------------
                             76 ; Home
                             77 ;--------------------------------------------------------
                             78 	.area _HOME
                             79 	.area _CODE
                             80 ;--------------------------------------------------------
                             81 ; code
                             82 ;--------------------------------------------------------
                             83 	.area _CODE
                             84 	.area _CODE
ASxxxx Assembler V01.75  (GameBoy Z80-like CPU), page 1.

Symbol Table

    __initrleblock                     **** GX
  1 _asakawa_walk_side                 0000 GR

ASxxxx Assembler V01.75  (GameBoy Z80-like CPU), page 2.

Area Table

   0 _CODE                              size    0   flags 0
   1 _DATA                              size   80   flags 0
   2 _OVERLAY                           size    0   flags 0
   3 _ISEG                              size    0   flags 0
   4 _BSEG                              size    0   flags 0
   5 _XSEG                              size    0   flags 0
   6 _GSINIT                            size   84   flags 0
   7 _GSFINAL                           size    0   flags 0
   8 _HOME                              size    0   flags 0
