                              1 ;--------------------------------------------------------
                              2 ; File Created by SDCC : FreeWare ANSI-C Compiler
                              3 ; Version 2.3.1 Thu Apr 18 19:52:42 2019
                              4 
                              5 ;--------------------------------------------------------
                              6 	.module lcc290610
                              7 	
                              8 ;--------------------------------------------------------
                              9 ; Public variables in this module
                             10 ;--------------------------------------------------------
                             11 	.globl _miner_idle_back
                             12 ;--------------------------------------------------------
                             13 ; special function registers
                             14 ;--------------------------------------------------------
                             15 ;--------------------------------------------------------
                             16 ; special function bits 
                             17 ;--------------------------------------------------------
                             18 ;--------------------------------------------------------
                             19 ; internal ram data
                             20 ;--------------------------------------------------------
                             21 	.area _DATA
   0000                      22 _miner_idle_back::
   0000                      23 	.ds 128
                             24 ;--------------------------------------------------------
                             25 ; overlayable items in internal ram 
                             26 ;--------------------------------------------------------
                             27 	.area _OVERLAY
                             28 ;--------------------------------------------------------
                             29 ; indirectly addressable internal ram data
                             30 ;--------------------------------------------------------
                             31 	.area _ISEG
                             32 ;--------------------------------------------------------
                             33 ; bit data
                             34 ;--------------------------------------------------------
                             35 	.area _BSEG
                             36 ;--------------------------------------------------------
                             37 ; external ram data
                             38 ;--------------------------------------------------------
                             39 	.area _XSEG
                             40 ;--------------------------------------------------------
                             41 ; global & static initialisations
                             42 ;--------------------------------------------------------
                             43 	.area _GSINIT
                             44 	.area _GSFINAL
                             45 	.area _GSINIT
                             46 ;	miner_idle_back.c 26
                             47 ;	miner_idle_back.c 45
                             48 ;	genArrayInit
                             49 ; _saveRegsForCall: sendSetSize: 0 deInUse: 0 bcInUse: 0 deSending: 0
   0000 21 00 00             50 	ld	hl,#_miner_idle_back
   0003 CD 00 00             51 	call	__initrleblock
   0006 7F                   52 	.db	127
   0007 07 07 0F 0F 2F 2F    53 	.db	0x07, 0x07, 0x0F, 0x0F, 0x2F, 0x2F, 0x0F, 0x0F
        0F 0F
   000F 0F 0F 07 0F 40 47    54 	.db	0x0F, 0x0F, 0x07, 0x0F, 0x40, 0x47, 0x0A, 0x10
        0A 10
   0017 04 10 02 10 00 10    55 	.db	0x04, 0x10, 0x02, 0x10, 0x00, 0x10, 0x0F, 0x3F
        0F 3F
   001F 08 30 0C 00 0F 0F    56 	.db	0x08, 0x30, 0x0C, 0x00, 0x0F, 0x0F, 0x1F, 0x1F
        1F 1F
   0027 E0 E0 F0 F0 F1 F1    57 	.db	0xE0, 0xE0, 0xF0, 0xF0, 0xF1, 0xF1, 0xF0, 0xF0
        F0 F0
   002F F0 F0 E4 F4 00 E0    58 	.db	0xF0, 0xF0, 0xE4, 0xF4, 0x00, 0xE0, 0x10, 0x08
        10 08
   0037 02 0A 40 08 70 08    59 	.db	0x02, 0x0A, 0x40, 0x08, 0x70, 0x08, 0xF0, 0xFC
        F0 FC
   003F 40 0C 30 00 F0 F0    60 	.db	0x40, 0x0C, 0x30, 0x00, 0xF0, 0xF0, 0xF8, 0xF8
        F8 F8
   0047 07 07 0F 0F 8F 8F    61 	.db	0x07, 0x07, 0x0F, 0x0F, 0x8F, 0x8F, 0x0F, 0x0F
        0F 0F
   004F 07 0F 10 17 80 87    62 	.db	0x07, 0x0F, 0x10, 0x17, 0x80, 0x87, 0x0C, 0x10
        0C 10
   0057 06 10 00 10 0F 1F    63 	.db	0x06, 0x10, 0x00, 0x10, 0x0F, 0x1F, 0x00, 0x30
        00 30
   005F 00 30 0C 00 0F 0F    64 	.db	0x00, 0x30, 0x0C, 0x00, 0x0F, 0x0F, 0x1F, 0x1F
        1F 1F
   0067 E0 E0 F0 F0 F0 F0    65 	.db	0xE0, 0xE0, 0xF0, 0xF0, 0xF0, 0xF0, 0xF2, 0xF2
        F2 F2
   006F E0 F0 00 E0 00 E0    66 	.db	0xE0, 0xF0, 0x00, 0xE0, 0x00, 0xE0, 0x10, 0x08
        10 08
   0077 50 08 70 08 F1 F9    67 	.db	0x50, 0x08, 0x70, 0x08, 0xF1, 0xF9, 0x00, 0x0C
        00 0C
   007F 40 0C 30 00 F0 F0    68 	.db	0x40, 0x0C, 0x30, 0x00, 0xF0, 0xF0, 0xF8
        F8
   0086 01                   69 	.db	1
   0087 F8                   70 	.db	0xF8
   0088 00                   71 	.db	0
                             72 ;--------------------------------------------------------
                             73 ; Home
                             74 ;--------------------------------------------------------
                             75 	.area _HOME
                             76 	.area _CODE
                             77 ;--------------------------------------------------------
                             78 ; code
                             79 ;--------------------------------------------------------
                             80 	.area _CODE
                             81 	.area _CODE
ASxxxx Assembler V01.75  (GameBoy Z80-like CPU), page 1.

Symbol Table

    __initrleblock                     **** GX
  1 _miner_idle_back                   0000 GR

ASxxxx Assembler V01.75  (GameBoy Z80-like CPU), page 2.

Area Table

   0 _CODE                              size    0   flags 0
   1 _DATA                              size   80   flags 0
   2 _OVERLAY                           size    0   flags 0
   3 _ISEG                              size    0   flags 0
   4 _BSEG                              size    0   flags 0
   5 _XSEG                              size    0   flags 0
   6 _GSINIT                            size   89   flags 0
   7 _GSFINAL                           size    0   flags 0
   8 _HOME                              size    0   flags 0
