                              1 ;--------------------------------------------------------
                              2 ; File Created by SDCC : FreeWare ANSI-C Compiler
                              3 ; Version 2.3.1 Mon Mar  4 14:23:59 2019
                              4 
                              5 ;--------------------------------------------------------
                              6 	.module lcc259220
                              7 	
                              8 ;--------------------------------------------------------
                              9 ; Public variables in this module
                             10 ;--------------------------------------------------------
                             11 	.globl _choice
                             12 	.globl _option
                             13 	.globl _arrow_y
                             14 	.globl _arrow_x
                             15 	.globl _open_screen
                             16 	.globl _ship_tiles
                             17 	.globl _opening
                             18 	.globl _start_up
                             19 	.globl _check_pos
                             20 	.globl _setup_sprite
                             21 	.globl _setup_bkg
                             22 ;--------------------------------------------------------
                             23 ; special function registers
                             24 ;--------------------------------------------------------
                             25 ;--------------------------------------------------------
                             26 ; special function bits 
                             27 ;--------------------------------------------------------
                             28 ;--------------------------------------------------------
                             29 ; internal ram data
                             30 ;--------------------------------------------------------
                             31 	.area _DATA
   0000                      32 _ship_tiles::
   0000                      33 	.ds 1424
   0590                      34 _open_screen::
   0590                      35 	.ds 1024
   0990                      36 _arrow_x::
   0990                      37 	.ds 1
   0991                      38 _arrow_y::
   0991                      39 	.ds 1
   0992                      40 _option::
   0992                      41 	.ds 1
   0993                      42 _choice::
   0993                      43 	.ds 1
                             44 ;--------------------------------------------------------
                             45 ; overlayable items in internal ram 
                             46 ;--------------------------------------------------------
                             47 	.area _OVERLAY
                             48 ;--------------------------------------------------------
                             49 ; indirectly addressable internal ram data
                             50 ;--------------------------------------------------------
                             51 	.area _ISEG
                             52 ;--------------------------------------------------------
                             53 ; bit data
                             54 ;--------------------------------------------------------
                             55 	.area _BSEG
                             56 ;--------------------------------------------------------
                             57 ; external ram data
                             58 ;--------------------------------------------------------
                             59 	.area _XSEG
                             60 ;--------------------------------------------------------
                             61 ; global & static initialisations
                             62 ;--------------------------------------------------------
                             63 	.area _GSINIT
                             64 	.area _GSFINAL
                             65 	.area _GSINIT
                             66 ;	start_up.c 26
                             67 ;	start_up.c 95
                             68 ;	genArrayInit
                             69 ; _saveRegsForCall: sendSetSize: 0 deInUse: 0 bcInUse: 0 deSending: 0
   0000 21 00 00             70 	ld	hl,#_ship_tiles
   0003 CD 00 00             71 	call	__initrleblock
   0006 1E                   72 	.db	30
   0007 FF FF FF 81 FF A1    73 	.db	0xFF, 0xFF, 0xFF, 0x81, 0xFF, 0xA1, 0xFF, 0x81
        FF 81
   000F FF 89 FF 81 FF A1    74 	.db	0xFF, 0x89, 0xFF, 0x81, 0xFF, 0xA1, 0xFF, 0x81
        FF 81
   0017 FF 81 FF A1 FF 81    75 	.db	0xFF, 0x81, 0xFF, 0xA1, 0xFF, 0x81, 0xFF, 0x89
        FF 89
   001F FF 81 FF A1 FF 81    76 	.db	0xFF, 0x81, 0xFF, 0xA1, 0xFF, 0x81
   0025 FB FF                77 	.db	-5,0xFF
   0027 0B                   78 	.db	11
   0028 80 FF 91 FF 80 FF    79 	.db	0x80, 0xFF, 0x91, 0xFF, 0x80, 0xFF, 0x84, 0xFF
        84 FF
   0030 80 FF 80             80 	.db	0x80, 0xFF, 0x80
   0033 FB FF                81 	.db	-5,0xFF
   0035 0D                   82 	.db	13
   0036 01 FF 11 FF 01 FF    83 	.db	0x01, 0xFF, 0x11, 0xFF, 0x01, 0xFF, 0x45, 0xFF
        45 FF
   003E 01 FF 01 FF FF       84 	.db	0x01, 0xFF, 0x01, 0xFF, 0xFF
   0043 F0 00                85 	.db	-16,0x00
   0045 1F                   86 	.db	31
   0046 FF 00 FF 00 FF 00    87 	.db	0xFF, 0x00, 0xFF, 0x00, 0xFF, 0x00, 0xFF, 0x00
        FF 00
   004E FF 00 FF 00 FF 00    88 	.db	0xFF, 0x00, 0xFF, 0x00, 0xFF, 0x00, 0xFF, 0x00
        FF 00
   0056 00 FF 00 FF 00 FF    89 	.db	0x00, 0xFF, 0x00, 0xFF, 0x00, 0xFF, 0x00, 0xFF
        00 FF
   005E 00 FF 00 FF 00 FF    90 	.db	0x00, 0xFF, 0x00, 0xFF, 0x00, 0xFF, 0x00
        00
   0065 EF FF                91 	.db	-17,0xFF
   0067 2F                   92 	.db	47
   0068 1C FF A2 FF 49 FF    93 	.db	0x1C, 0xFF, 0xA2, 0xFF, 0x49, 0xFF, 0x14, 0xFF
        14 FF
   0070 62 FF 81 FF 00 FF    94 	.db	0x62, 0xFF, 0x81, 0xFF, 0x00, 0xFF, 0x00, 0xFF
        00 FF
   0078 00 FF 01 FF 02 FF    95 	.db	0x00, 0xFF, 0x01, 0xFF, 0x02, 0xFF, 0x24, 0xFF
        24 FF
   0080 58 FF 80 FF 07 FF    96 	.db	0x58, 0xFF, 0x80, 0xFF, 0x07, 0xFF, 0x00, 0xFF
        00 FF
   0088 00 FF 00 FF E8 FF    97 	.db	0x00, 0xFF, 0x00, 0xFF, 0xE8, 0xFF, 0x15, 0xFF
        15 FF
   0090 22 FF C4 FF 08 FF    98 	.db	0x22, 0xFF, 0xC4, 0xFF, 0x08, 0xFF, 0x00
        00
   0097 F7 FF                99 	.db	-9,0xFF
   0099 6E                  100 	.db	110
   009A 7B FF 30 FF 0C FF   101 	.db	0x7B, 0xFF, 0x30, 0xFF, 0x0C, 0xFF, 0x00, 0xFF
        00 FF
   00A2 FF 00 FF 1B E4 24   102 	.db	0xFF, 0x00, 0xFF, 0x1B, 0xE4, 0x24, 0xC8, 0x48
        C8 48
   00AA 80 80 81 81 CA 4A   103 	.db	0x80, 0x80, 0x81, 0x81, 0xCA, 0x4A, 0xFF, 0x35
        FF 35
   00B2 FF 00 FF 00 FF 80   104 	.db	0xFF, 0x00, 0xFF, 0x00, 0xFF, 0x80, 0x7F, 0x40
        7F 40
   00BA 3F 20 3F 20 7F 40   105 	.db	0x3F, 0x20, 0x3F, 0x20, 0x7F, 0x40, 0xFF, 0x80
        FF 80
   00C2 FF FF AA FF AA FF   106 	.db	0xFF, 0xFF, 0xAA, 0xFF, 0xAA, 0xFF, 0xAA, 0xFF
        AA FF
   00CA AA FF AA FF AA FF   107 	.db	0xAA, 0xFF, 0xAA, 0xFF, 0xAA, 0xFF, 0xAA, 0xFF
        AA FF
   00D2 FF FF 55 FF 55 FF   108 	.db	0xFF, 0xFF, 0x55, 0xFF, 0x55, 0xFF, 0x55, 0xFF
        55 FF
   00DA 55 FF 55 FF 55 FF   109 	.db	0x55, 0xFF, 0x55, 0xFF, 0x55, 0xFF, 0x55, 0xFF
        55 FF
   00E2 AD FF A5 FF 95 FF   110 	.db	0xAD, 0xFF, 0xA5, 0xFF, 0x95, 0xFF, 0x91, 0xFF
        91 FF
   00EA 89 FF A9 FF A9 FF   111 	.db	0x89, 0xFF, 0xA9, 0xFF, 0xA9, 0xFF, 0xA5, 0xFF
        A5 FF
   00F2 FF FF 81 FF 93 FF   112 	.db	0xFF, 0xFF, 0x81, 0xFF, 0x93, 0xFF, 0x89, 0xFF
        89 FF
   00FA C9 FF 93 FF A5 FF   113 	.db	0xC9, 0xFF, 0x93, 0xFF, 0xA5, 0xFF, 0xAD, 0xFF
        AD FF
   0102 FF FF FF 99 FF 99   114 	.db	0xFF, 0xFF, 0xFF, 0x99, 0xFF, 0x99
   0108 FB FF               115 	.db	-5,0xFF
   010A 7F                  116 	.db	127
   010B 99 FF 99 FF FF FF   117 	.db	0x99, 0xFF, 0x99, 0xFF, 0xFF, 0xFF, 0x00, 0xFF
        00 FF
   0113 1F F3 1F F2 7F C7   118 	.db	0x1F, 0xF3, 0x1F, 0xF2, 0x7F, 0xC7, 0x7F, 0xC4
        7F C4
   011B 7F E0 7F FF 3F EF   119 	.db	0x7F, 0xE0, 0x7F, 0xFF, 0x3F, 0xEF, 0x10, 0xF0
        10 F0
   0123 0F F6 0F FC 0F F8   120 	.db	0x0F, 0xF6, 0x0F, 0xFC, 0x0F, 0xF8, 0x1F, 0x15
        1F 15
   012B FF C6 3F E3 3F E0   121 	.db	0xFF, 0xC6, 0x3F, 0xE3, 0x3F, 0xE0, 0x3F, 0xEC
        3F EC
   0133 7F CB FF 89 FF B8   122 	.db	0x7F, 0xCB, 0xFF, 0x89, 0xFF, 0xB8, 0xFF, 0xF9
        FF F9
   013B FF CF FF 82 FF FF   123 	.db	0xFF, 0xCF, 0xFF, 0x82, 0xFF, 0xFF, 0x00, 0xFF
        00 FF
   0143 00 FF 80 F3 8C 77   124 	.db	0x00, 0xFF, 0x80, 0xF3, 0x8C, 0x77, 0xE8, 0x27
        E8 27
   014B F8 6F F8 4C FF C5   125 	.db	0xF8, 0x6F, 0xF8, 0x4C, 0xFF, 0xC5, 0xFE, 0x81
        FE 81
   0153 FE 03 FE 3B FF 67   126 	.db	0xFE, 0x03, 0xFE, 0x3B, 0xFF, 0x67, 0xFF, 0xD5
        FF D5
   015B FF 1F FF 01 FF FF   127 	.db	0xFF, 0x1F, 0xFF, 0x01, 0xFF, 0xFF, 0x00, 0xFF
        00 FF
   0163 00 FF 00 FF 22 FF   128 	.db	0x00, 0xFF, 0x00, 0xFF, 0x22, 0xFF, 0x55, 0xFF
        55 FF
   016B 88 FF 00 FF 00 FF   129 	.db	0x88, 0xFF, 0x00, 0xFF, 0x00, 0xFF, 0x00, 0xFF
        00 FF
   0173 00 FF 00 FF 00 FF   130 	.db	0x00, 0xFF, 0x00, 0xFF, 0x00, 0xFF, 0x00, 0xFF
        00 FF
   017B 80 FF 00 FF 00 FF   131 	.db	0x80, 0xFF, 0x00, 0xFF, 0x00, 0xFF, 0xFF, 0xFF
        FF FF
   0183 80 FF AA FF 80 FF   132 	.db	0x80, 0xFF, 0xAA, 0xFF, 0x80, 0xFF, 0xA0
        A0
   018A 7F                  133 	.db	127
   018B FF 80 FF A0 FF 80   134 	.db	0xFF, 0x80, 0xFF, 0xA0, 0xFF, 0x80, 0xFF, 0xFF
        FF FF
   0193 FF 01 FF A9 FF 01   135 	.db	0xFF, 0x01, 0xFF, 0xA9, 0xFF, 0x01, 0xFF, 0x05
        FF 05
   019B FF 01 FF 05 FF 01   136 	.db	0xFF, 0x01, 0xFF, 0x05, 0xFF, 0x01, 0xFF, 0x05
        FF 05
   01A3 FF 11 FF 05 FF 01   137 	.db	0xFF, 0x11, 0xFF, 0x05, 0xFF, 0x01, 0xFF, 0x05
        FF 05
   01AB FF 51 FF 01 FF FF   138 	.db	0xFF, 0x51, 0xFF, 0x01, 0xFF, 0xFF, 0xFF, 0xA0
        FF A0
   01B3 FF 80 FF A0 FF 82   139 	.db	0xFF, 0x80, 0xFF, 0xA0, 0xFF, 0x82, 0xFF, 0xA0
        FF A0
   01BB FF 89 FF 80 FF FF   140 	.db	0xFF, 0x89, 0xFF, 0x80, 0xFF, 0xFF, 0x00, 0xFF
        00 FF
   01C3 00 FF 00 FF 84 FF   141 	.db	0x00, 0xFF, 0x00, 0xFF, 0x84, 0xFF, 0x4B, 0xFF
        4B FF
   01CB 30 FF 0C FF 00 FF   142 	.db	0x30, 0xFF, 0x0C, 0xFF, 0x00, 0xFF, 0xFF, 0x00
        FF 00
   01D3 FF 00 FF 00 FF 84   143 	.db	0xFF, 0x00, 0xFF, 0x00, 0xFF, 0x84, 0x7B, 0xCF
        7B CF
   01DB 30 FF 0C FF 00 FF   144 	.db	0x30, 0xFF, 0x0C, 0xFF, 0x00, 0xFF, 0x01, 0xFF
        01 FF
   01E3 01 FF 01 FF 01 FF   145 	.db	0x01, 0xFF, 0x01, 0xFF, 0x01, 0xFF, 0x01, 0xFF
        01 FF
   01EB 01 FF 01 FF 01 FF   146 	.db	0x01, 0xFF, 0x01, 0xFF, 0x01, 0xFF, 0xFF, 0x20
        FF 20
   01F3 FF 20 FF 20 FF 20   147 	.db	0xFF, 0x20, 0xFF, 0x20, 0xFF, 0x20, 0xFF, 0x20
        FF 20
   01FB FF 20 FF 20 FF 20   148 	.db	0xFF, 0x20, 0xFF, 0x20, 0xFF, 0x20, 0xFF, 0xFF
        FF FF
   0203 00 FF 00 FF 00 FF   149 	.db	0x00, 0xFF, 0x00, 0xFF, 0x00, 0xFF, 0x00
        00
   020A 34                  150 	.db	52
   020B FF 00 FF 00 FF FF   151 	.db	0xFF, 0x00, 0xFF, 0x00, 0xFF, 0xFF, 0xFF, 0x81
        FF 81
   0213 FF 81 FF 81 FF 81   152 	.db	0xFF, 0x81, 0xFF, 0x81, 0xFF, 0x81, 0xFF, 0x81
        FF 81
   021B FF 81 FF 81 FF 81   153 	.db	0xFF, 0x81, 0xFF, 0x81, 0xFF, 0x81, 0xFF, 0xFF
        FF FF
   0223 FF 81 FF 81 FF 81   154 	.db	0xFF, 0x81, 0xFF, 0x81, 0xFF, 0x81, 0xFF, 0x81
        FF 81
   022B FF 81 FF 81 FF 81   155 	.db	0xFF, 0x81, 0xFF, 0x81, 0xFF, 0x81, 0xFF, 0xFF
        FF FF
   0233 FF 80 FF 80 FF 80   156 	.db	0xFF, 0x80, 0xFF, 0x80, 0xFF, 0x80, 0xFF, 0x80
        FF 80
   023B FF 80 FF 80         157 	.db	0xFF, 0x80, 0xFF, 0x80
   023F FB FF               158 	.db	-5,0xFF
   0241 7F                  159 	.db	127
   0242 01 FF 01 FF 01 FF   160 	.db	0x01, 0xFF, 0x01, 0xFF, 0x01, 0xFF, 0x01, 0xFF
        01 FF
   024A 01 FF 01 FF FF FF   161 	.db	0x01, 0xFF, 0x01, 0xFF, 0xFF, 0xFF, 0xFF, 0x00
        FF 00
   0252 FF 00 FF 01 FF 01   162 	.db	0xFF, 0x00, 0xFF, 0x01, 0xFF, 0x01, 0xFF, 0x03
        FF 03
   025A FF 07 FF 05 FF 0D   163 	.db	0xFF, 0x07, 0xFF, 0x05, 0xFF, 0x0D, 0xFF, 0x1B
        FF 1B
   0262 FF 12 FF 3E F7 7F   164 	.db	0xFF, 0x12, 0xFF, 0x3E, 0xF7, 0x7F, 0x07, 0xFF
        07 FF
   026A F4 7F 5C FF CF 7F   165 	.db	0xF4, 0x7F, 0x5C, 0xFF, 0xCF, 0x7F, 0xFF, 0x60
        FF 60
   0272 FF F0 FF D0 FF D8   166 	.db	0xFF, 0xF0, 0xFF, 0xD0, 0xFF, 0xD8, 0xFF, 0xB8
        FF B8
   027A FF A8 FF A8 FF EC   167 	.db	0xFF, 0xA8, 0xFF, 0xA8, 0xFF, 0xEC, 0xFF, 0x7C
        FF 7C
   0282 FF 3E FF 2A FF 77   168 	.db	0xFF, 0x3E, 0xFF, 0x2A, 0xFF, 0x77, 0xFD, 0xFF
        FD FF
   028A D9 FF D8 FF D7 FF   169 	.db	0xD9, 0xFF, 0xD8, 0xFF, 0xD7, 0xFF, 0xE9, 0x7F
        E9 7F
   0292 BB 7F BE 5F 5E BF   170 	.db	0xBB, 0x7F, 0xBE, 0x5F, 0x5E, 0xBF, 0xEC, 0x13
        EC 13
   029A D2 2D DA 25 FF 00   171 	.db	0xD2, 0x2D, 0xDA, 0x25, 0xFF, 0x00, 0x9D, 0xFF
        9D FF
   02A2 F9 FF 4F FF CD FE   172 	.db	0xF9, 0xFF, 0x4F, 0xFF, 0xCD, 0xFE, 0xFD, 0xF2
        FD F2
   02AA FC 03 FD 02 FF 00   173 	.db	0xFC, 0x03, 0xFD, 0x02, 0xFF, 0x00, 0x80, 0xFF
        80 FF
   02B2 80 FF 80 FF 80 FF   174 	.db	0x80, 0xFF, 0x80, 0xFF, 0x80, 0xFF, 0x80, 0xFF
        80 FF
   02BA 80 FF 80 FF 80 FF   175 	.db	0x80, 0xFF, 0x80, 0xFF, 0x80, 0xFF, 0xFF
        FF
   02C1 7F                  176 	.db	127
   02C2 00 FF 00 FF 00 FF   177 	.db	0x00, 0xFF, 0x00, 0xFF, 0x00, 0xFF, 0x01, 0xFF
        01 FF
   02CA 01 FF 01 FF 01 FF   178 	.db	0x01, 0xFF, 0x01, 0xFF, 0x01, 0xFF, 0x0F, 0xFB
        0F FB
   02D2 0F F8 0F F8 0F F8   179 	.db	0x0F, 0xF8, 0x0F, 0xF8, 0x0F, 0xF8, 0x0F, 0xF8
        0F F8
   02DA 0F F9 0F FE 07 FC   180 	.db	0x0F, 0xF9, 0x0F, 0xFE, 0x07, 0xFC, 0x07, 0xFF
        07 FF
   02E2 00 FF 1F F1 FF 80   181 	.db	0x00, 0xFF, 0x1F, 0xF1, 0xFF, 0x80, 0xFF, 0x00
        FF 00
   02EA FF 09 FF 07 FF 23   182 	.db	0xFF, 0x09, 0xFF, 0x07, 0xFF, 0x23, 0xDF, 0x33
        DF 33
   02F2 CF 12 EF 37 CF 25   183 	.db	0xCF, 0x12, 0xEF, 0x37, 0xCF, 0x25, 0xDF, 0x2F
        DF 2F
   02FA DF 0F FF C0 FF 46   184 	.db	0xDF, 0x0F, 0xFF, 0xC0, 0xFF, 0x46, 0xF9, 0xFC
        F9 FC
   0302 07 FD 06 FD 06 FE   185 	.db	0x07, 0xFD, 0x06, 0xFD, 0x06, 0xFE, 0x07, 0xFE
        07 FE
   030A 07 FC 0F F8 1F F8   186 	.db	0x07, 0xFC, 0x0F, 0xF8, 0x1F, 0xF8, 0x1F, 0xF8
        1F F8
   0312 0F FC 07 FE 0F F8   187 	.db	0x0F, 0xFC, 0x07, 0xFE, 0x0F, 0xF8, 0x1F, 0xF0
        1F F0
   031A 1F F3 1C F1 1E F8   188 	.db	0x1F, 0xF3, 0x1C, 0xF1, 0x1E, 0xF8, 0x1F, 0x47
        1F 47
   0322 F8 27 F8 BC 73 D8   189 	.db	0xF8, 0x27, 0xF8, 0xBC, 0x73, 0xD8, 0x3F, 0x68
        3F 68
   032A 9F 3C CF 34 CF 25   190 	.db	0x9F, 0x3C, 0xCF, 0x34, 0xCF, 0x25, 0xDF, 0xEF
        DF EF
   0332 1F DB 3F 52 BF C2   191 	.db	0x1F, 0xDB, 0x3F, 0x52, 0xBF, 0xC2, 0x3F, 0x79
        3F 79
   033A 86 33 CC B5 4A 08   192 	.db	0x86, 0x33, 0xCC, 0xB5, 0x4A, 0x08, 0xF7
        F7
   0341 7F                  193 	.db	127
   0342 FF 03 FE 07 FC 87   194 	.db	0xFF, 0x03, 0xFE, 0x07, 0xFC, 0x87, 0xFC, 0xFF
        FC FF
   034A C4 FF C0 FF 40 FF   195 	.db	0xC4, 0xFF, 0xC0, 0xFF, 0x40, 0xFF, 0x42, 0xFF
        42 FF
   0352 77 EF CD F7 08 F7   196 	.db	0x77, 0xEF, 0xCD, 0xF7, 0x08, 0xF7, 0x00, 0xFF
        00 FF
   035A 1F FF 91 FF 90 FF   197 	.db	0x1F, 0xFF, 0x91, 0xFF, 0x90, 0xFF, 0x90, 0xFF
        90 FF
   0362 FF F0 9F 7C 17 EC   198 	.db	0xFF, 0xF0, 0x9F, 0x7C, 0x17, 0xEC, 0x47, 0xBC
        47 BC
   036A 07 FC E7 FC 87 FE   199 	.db	0x07, 0xFC, 0xE7, 0xFC, 0x87, 0xFE, 0xBB, 0xC6
        BB C6
   0372 FB 87 F9 BF 89 FF   200 	.db	0xFB, 0x87, 0xF9, 0xBF, 0x89, 0xFF, 0x89, 0xFF
        89 FF
   037A 93 FF BF FE 07 FE   201 	.db	0x93, 0xFF, 0xBF, 0xFE, 0x07, 0xFE, 0x03, 0xFF
        03 FF
   0382 F0 FF BA FD 8B FC   202 	.db	0xF0, 0xFF, 0xBA, 0xFD, 0x8B, 0xFC, 0x43, 0xFC
        43 FC
   038A 61 FE 71 FE CD FE   203 	.db	0x61, 0xFE, 0x71, 0xFE, 0xCD, 0xFE, 0x85, 0xFF
        85 FF
   0392 27 DF 03 FF 02 FF   204 	.db	0x27, 0xDF, 0x03, 0xFF, 0x02, 0xFF, 0x00, 0xFF
        00 FF
   039A C8 37 40 BF C3 3F   205 	.db	0xC8, 0x37, 0x40, 0xBF, 0xC3, 0x3F, 0x1F, 0xFC
        1F FC
   03A2 E3 1E E3 1E C7 3C   206 	.db	0xE3, 0x1E, 0xE3, 0x1E, 0xC7, 0x3C, 0x8F, 0x7C
        8F 7C
   03AA 1F FC 07 FE 83 FE   207 	.db	0x1F, 0xFC, 0x07, 0xFE, 0x83, 0xFE, 0xC7, 0xFE
        C7 FE
   03B2 27 FC 27 FC 3F FC   208 	.db	0x27, 0xFC, 0x27, 0xFC, 0x3F, 0xFC, 0x7F, 0xB0
        7F B0
   03BA 3F E0 7F E0 FF 80   209 	.db	0x3F, 0xE0, 0x7F, 0xE0, 0xFF, 0x80, 0xFF
        FF
   03C1 7F                  210 	.db	127
   03C2 00 FF 00 FF 3E E3   211 	.db	0x00, 0xFF, 0x00, 0xFF, 0x3E, 0xE3, 0x22, 0xE3
        22 E3
   03CA 23 E1 21 E0 20 E1   212 	.db	0x23, 0xE1, 0x21, 0xE0, 0x20, 0xE1, 0x21, 0xFD
        21 FD
   03D2 3D FC 24 FE 26 FF   213 	.db	0x3D, 0xFC, 0x24, 0xFE, 0x26, 0xFF, 0x23, 0xFF
        23 FF
   03DA 20 FF 20 FF 20 FF   214 	.db	0x20, 0xFF, 0x20, 0xFF, 0x20, 0xFF, 0x20, 0xFF
        20 FF
   03E2 20 FF 00 FF 00 FF   215 	.db	0x20, 0xFF, 0x00, 0xFF, 0x00, 0xFF, 0x1E, 0xF3
        1E F3
   03EA 72 C3 C2 03 02 C3   216 	.db	0x72, 0xC3, 0xC2, 0x03, 0x02, 0xC3, 0xC2, 0xC3
        C2 C3
   03F2 C2 0F 0E 3F 38 FF   217 	.db	0xC2, 0x0F, 0x0E, 0x3F, 0x38, 0xFF, 0xE0, 0xFF
        E0 FF
   03FA 00 FF 00 FF 00 FF   218 	.db	0x00, 0xFF, 0x00, 0xFF, 0x00, 0xFF, 0x00, 0xFF
        00 FF
   0402 00 FF 00 FF 03 FE   219 	.db	0x00, 0xFF, 0x00, 0xFF, 0x03, 0xFE, 0x03, 0xFE
        03 FE
   040A 03 FE 03 FE 03 FE   220 	.db	0x03, 0xFE, 0x03, 0xFE, 0x03, 0xFE, 0x03, 0xFE
        03 FE
   0412 03 FE 03 FE 03 FE   221 	.db	0x03, 0xFE, 0x03, 0xFE, 0x03, 0xFE, 0x03, 0xFE
        03 FE
   041A 03 FE 03 FE 0F FA   222 	.db	0x03, 0xFE, 0x03, 0xFE, 0x0F, 0xFA, 0x0F, 0xFA
        0F FA
   0422 0F FF 00 FF FF 00   223 	.db	0x0F, 0xFF, 0x00, 0xFF, 0xFF, 0x00, 0xFF, 0x00
        FF 00
   042A FF 00 FF 00 FF 00   224 	.db	0xFF, 0x00, 0xFF, 0x00, 0xFF, 0x00, 0xFF, 0x00
        FF 00
   0432 FF FF 00 FF E0 3F   225 	.db	0xFF, 0xFF, 0x00, 0xFF, 0xE0, 0x3F, 0xE0, 0x3F
        E0 3F
   043A E0 3F E0 3F E0 3F   226 	.db	0xE0, 0x3F, 0xE0, 0x3F, 0xE0, 0x3F, 0xE0
        E0
   0441 7F                  227 	.db	127
   0442 3F E0 3F E0 3F E0   228 	.db	0x3F, 0xE0, 0x3F, 0xE0, 0x3F, 0xE0, 0x3F, 0xE0
        3F E0
   044A 3F E0 3F E0 3F F8   229 	.db	0x3F, 0xE0, 0x3F, 0xE0, 0x3F, 0xF8, 0x2F, 0xF8
        2F F8
   0452 2F F8 FE 03 FE 03   230 	.db	0x2F, 0xF8, 0xFE, 0x03, 0xFE, 0x03, 0xFE, 0x03
        FE 03
   045A FE 03 FE 03 FE 03   231 	.db	0xFE, 0x03, 0xFE, 0x03, 0xFE, 0x03, 0xFE, 0x03
        FE 03
   0462 FE 03 7F C0 7F C0   232 	.db	0xFE, 0x03, 0x7F, 0xC0, 0x7F, 0xC0, 0x7F, 0xC0
        7F C0
   046A 7F C0 7F C0 7F C0   233 	.db	0x7F, 0xC0, 0x7F, 0xC0, 0x7F, 0xC0, 0x7F, 0xC0
        7F C0
   0472 7F C0 80 FF FF FF   234 	.db	0x7F, 0xC0, 0x80, 0xFF, 0xFF, 0xFF, 0x00, 0xFF
        00 FF
   047A 00 FF 00 FF 00 FF   235 	.db	0x00, 0xFF, 0x00, 0xFF, 0x00, 0xFF, 0x00, 0xFF
        00 FF
   0482 00 FF 01 FF FF FF   236 	.db	0x00, 0xFF, 0x01, 0xFF, 0xFF, 0xFF, 0x00, 0xFF
        00 FF
   048A 00 FF 00 FF 00 FF   237 	.db	0x00, 0xFF, 0x00, 0xFF, 0x00, 0xFF, 0x00, 0xFF
        00 FF
   0492 00 FF 00 FF FF FF   238 	.db	0x00, 0xFF, 0x00, 0xFF, 0xFF, 0xFF, 0x00, 0xFF
        00 FF
   049A 00 FF 00 FF 00 FF   239 	.db	0x00, 0xFF, 0x00, 0xFF, 0x00, 0xFF, 0x00, 0xFF
        00 FF
   04A2 00 FF FF 7C FF C6   240 	.db	0x00, 0xFF, 0xFF, 0x7C, 0xFF, 0xC6, 0xFF, 0xC0
        FF C0
   04AA FF 7C FF 06 FF 06   241 	.db	0xFF, 0x7C, 0xFF, 0x06, 0xFF, 0x06, 0xFF, 0xC6
        FF C6
   04B2 FF 7C FF 7E FF 18   242 	.db	0xFF, 0x7C, 0xFF, 0x7E, 0xFF, 0x18, 0xFF, 0x18
        FF 18
   04BA FF 18 FF 18 FF 18   243 	.db	0xFF, 0x18, 0xFF, 0x18, 0xFF, 0x18, 0xFF
        FF
   04C1 7F                  244 	.db	127
   04C2 18 FF 18 FF 38 FF   245 	.db	0x18, 0xFF, 0x18, 0xFF, 0x38, 0xFF, 0x6C, 0xFF
        6C FF
   04CA C6 FF C6 FF FE FF   246 	.db	0xC6, 0xFF, 0xC6, 0xFF, 0xFE, 0xFF, 0xC6, 0xFF
        C6 FF
   04D2 C6 FF C6 FF FC FF   247 	.db	0xC6, 0xFF, 0xC6, 0xFF, 0xFC, 0xFF, 0xC6, 0xFF
        C6 FF
   04DA C6 FF CE FF F8 FF   248 	.db	0xC6, 0xFF, 0xCE, 0xFF, 0xF8, 0xFF, 0xD8, 0xFF
        D8 FF
   04E2 CC FF C6 FF C0 FF   249 	.db	0xCC, 0xFF, 0xC6, 0xFF, 0xC0, 0xFF, 0xF0, 0xFF
        F0 FF
   04EA FC FF FE FF FC FF   250 	.db	0xFC, 0xFF, 0xFE, 0xFF, 0xFC, 0xFF, 0xF0, 0xFF
        F0 FF
   04F2 C0 FF 00 FF C6 FF   251 	.db	0xC0, 0xFF, 0x00, 0xFF, 0xC6, 0xFF, 0xE6, 0xFF
        E6 FF
   04FA F6 FF FE FF DE FF   252 	.db	0xF6, 0xFF, 0xFE, 0xFF, 0xDE, 0xFF, 0xCE, 0xFF
        CE FF
   0502 C6 FF C6 FF FE FF   253 	.db	0xC6, 0xFF, 0xC6, 0xFF, 0xFE, 0xFF, 0xC0, 0xFF
        C0 FF
   050A C0 FF FC FF C0 FF   254 	.db	0xC0, 0xFF, 0xFC, 0xFF, 0xC0, 0xFF, 0xC0, 0xFF
        C0 FF
   0512 C0 FF FE FF C6 FF   255 	.db	0xC0, 0xFF, 0xFE, 0xFF, 0xC6, 0xFF, 0xC6, 0xFF
        C6 FF
   051A C6 FF D6 FF FE FF   256 	.db	0xC6, 0xFF, 0xD6, 0xFF, 0xFE, 0xFF, 0xFE, 0xFF
        FE FF
   0522 EE FF C6 FF 3E FF   257 	.db	0xEE, 0xFF, 0xC6, 0xFF, 0x3E, 0xFF, 0x60, 0xFF
        60 FF
   052A C0 FF C0 FF CE FF   258 	.db	0xC0, 0xFF, 0xC0, 0xFF, 0xCE, 0xFF, 0xC6, 0xFF
        C6 FF
   0532 66 FF 3E FF C6 FF   259 	.db	0x66, 0xFF, 0x3E, 0xFF, 0xC6, 0xFF, 0xEE, 0xFF
        EE FF
   053A FE FF FE FF D6 FF   260 	.db	0xFE, 0xFF, 0xFE, 0xFF, 0xD6, 0xFF, 0xC6
        C6
   0541 34                  261 	.db	52
   0542 FF C6 FF C6 FF 7C   262 	.db	0xFF, 0xC6, 0xFF, 0xC6, 0xFF, 0x7C, 0xFF, 0xC6
        FF C6
   054A FF C6 FF C6 FF C6   263 	.db	0xFF, 0xC6, 0xFF, 0xC6, 0xFF, 0xC6, 0xFF, 0xDE
        FF DE
   0552 FF CC FF 7A FF C6   264 	.db	0xFF, 0xCC, 0xFF, 0x7A, 0xFF, 0xC6, 0xFF, 0xC6
        FF C6
   055A FF C6 FF C6 FF C6   265 	.db	0xFF, 0xC6, 0xFF, 0xC6, 0xFF, 0xC6, 0xFF, 0xC6
        FF C6
   0562 FF C6 FF 7C FF 7E   266 	.db	0xFF, 0xC6, 0xFF, 0x7C, 0xFF, 0x7E, 0xFF, 0x18
        FF 18
   056A FF 18 FF 18 FF 18   267 	.db	0xFF, 0x18, 0xFF, 0x18, 0xFF, 0x18, 0xFF, 0x18
        FF 18
   0572 FF 18 FF 7E         268 	.db	0xFF, 0x18, 0xFF, 0x7E
   0576 00                  269 	.db	0
                            270 ;	start_up.c 25
                            271 ;	start_up.c 95
                            272 ;	genArrayInit
                            273 ; _saveRegsForCall: sendSetSize: 0 deInUse: 0 bcInUse: 0 deSending: 0
   0577 21 90 05            274 	ld	hl,#_open_screen
   057A CD 00 00            275 	call	__initrleblock
   057D 03                  276 	.db	3
   057E 05 0C 0D            277 	.db	0x05, 0x0C, 0x0D
   0581 F4 05               278 	.db	-12,0x05
   0583 04                  279 	.db	4
   0584 2E 30 36 38         280 	.db	0x2E, 0x30, 0x36, 0x38
   0588 EB 05               281 	.db	-21,0x05
   058A 02                  282 	.db	2
   058B 0C 0D               283 	.db	0x0C, 0x0D
   058D FB 05               284 	.db	-5,0x05
   058F 04                  285 	.db	4
   0590 2F 31 37 39         286 	.db	0x2F, 0x31, 0x37, 0x39
   0594 EC 05               287 	.db	-20,0x05
   0596 01                  288 	.db	1
   0597 11                  289 	.db	0x11
   0598 F9 05               290 	.db	-7,0x05
   059A 04                  291 	.db	4
   059B 32 34 3A 3C         292 	.db	0x32, 0x34, 0x3A, 0x3C
   059F F6 05               293 	.db	-10,0x05
   05A1 05                  294 	.db	5
   05A2 0C 0D 05 05 25      295 	.db	0x0C, 0x0D, 0x05, 0x05, 0x25
   05A7 FB 22               296 	.db	-5,0x22
   05A9 01                  297 	.db	1
   05AA 10                  298 	.db	0x10
   05AB FB 22               299 	.db	-5,0x22
   05AD 08                  300 	.db	8
   05AE 26 05 33 35 3B 3D   301 	.db	0x26, 0x05, 0x33, 0x35, 0x3B, 0x3D, 0x0C, 0x0D
        0C 0D
   05B6 F4 05               302 	.db	-12,0x05
   05B8 01                  303 	.db	1
   05B9 21                  304 	.db	0x21
   05BA FB 05               305 	.db	-5,0x05
   05BC 01                  306 	.db	1
   05BD 10                  307 	.db	0x10
   05BE FB 05               308 	.db	-5,0x05
   05C0 05                  309 	.db	5
   05C1 21 05 25 22 26      310 	.db	0x21, 0x05, 0x25, 0x22, 0x26
   05C6 FA 05               311 	.db	-6,0x05
   05C8 02                  312 	.db	2
   05C9 0C 0D               313 	.db	0x0C, 0x0D
   05CB F9 05               314 	.db	-7,0x05
   05CD 01                  315 	.db	1
   05CE 21                  316 	.db	0x21
   05CF FB 05               317 	.db	-5,0x05
   05D1 01                  318 	.db	1
   05D2 10                  319 	.db	0x10
   05D3 FB 05               320 	.db	-5,0x05
   05D5 0D                  321 	.db	13
   05D6 21 05 2D 06 20 05   322 	.db	0x21, 0x05, 0x2D, 0x06, 0x20, 0x05, 0x05, 0x05
        05 05
   05DE 4C 4D 4E 4F 4D      323 	.db	0x4C, 0x4D, 0x4E, 0x4F, 0x4D
   05E3 F9 05               324 	.db	-7,0x05
   05E5 01                  325 	.db	1
   05E6 21                  326 	.db	0x21
   05E7 FB 05               327 	.db	-5,0x05
   05E9 1B                  328 	.db	27
   05EA 10 05 05 0C 0D 27   329 	.db	0x10, 0x05, 0x05, 0x0C, 0x0D, 0x27, 0x29, 0x05
        29 05
   05F2 2D 06 20 05 05 05   330 	.db	0x2D, 0x06, 0x20, 0x05, 0x05, 0x05, 0x51, 0x52
        51 52
   05FA 53 05 54 4E 55 52   331 	.db	0x53, 0x05, 0x54, 0x4E, 0x55, 0x52, 0x05, 0x05
        05 05
   0602 05 27 29            332 	.db	0x05, 0x27, 0x29
   0605 FB 05               333 	.db	-5,0x05
   0607 14                  334 	.db	20
   0608 10 05 05 05 05 28   335 	.db	0x10, 0x05, 0x05, 0x05, 0x05, 0x28, 0x2A, 0x05
        2A 05
   0610 2D 06 20 05 05 05   336 	.db	0x2D, 0x06, 0x20, 0x05, 0x05, 0x05, 0x56, 0x57
        56 57
   0618 58 4D 18 19         337 	.db	0x58, 0x4D, 0x18, 0x19
   061C FB 05               338 	.db	-5,0x05
   061E 02                  339 	.db	2
   061F 28 2A               340 	.db	0x28, 0x2A
   0621 FB 05               341 	.db	-5,0x05
   0623 0B                  342 	.db	11
   0624 10 05 05 05 05 2B   343 	.db	0x10, 0x05, 0x05, 0x05, 0x05, 0x2B, 0x2C, 0x05
        2C 05
   062C 2D 06 20            344 	.db	0x2D, 0x06, 0x20
   062F FA 05               345 	.db	-6,0x05
   0631 10                  346 	.db	16
   0632 18 19 18 19 05 05   347 	.db	0x18, 0x19, 0x18, 0x19, 0x05, 0x05, 0x05, 0x05
        05 05
   063A 2B 2C 05 05 05 0C   348 	.db	0x2B, 0x2C, 0x05, 0x05, 0x05, 0x0C, 0x0D, 0x10
        0D 10
   0642 F9 05               349 	.db	-7,0x05
   0644 03                  350 	.db	3
   0645 2D 06 20            351 	.db	0x2D, 0x06, 0x20
   0648 EB 05               352 	.db	-21,0x05
   064A 01                  353 	.db	1
   064B 10                  354 	.db	0x10
   064C F9 05               355 	.db	-7,0x05
   064E 03                  356 	.db	3
   064F 2D 06 20            357 	.db	0x2D, 0x06, 0x20
   0652 EB 05               358 	.db	-21,0x05
   0654 01                  359 	.db	1
   0655 10                  360 	.db	0x10
   0656 F9 05               361 	.db	-7,0x05
   0658 03                  362 	.db	3
   0659 2D 06 20            363 	.db	0x2D, 0x06, 0x20
   065C EB 05               364 	.db	-21,0x05
   065E 01                  365 	.db	1
   065F 10                  366 	.db	0x10
   0660 F9 05               367 	.db	-7,0x05
   0662 03                  368 	.db	3
   0663 2D 06 20            369 	.db	0x2D, 0x06, 0x20
   0666 EF 05               370 	.db	-17,0x05
   0668 05                  371 	.db	5
   0669 14 16 05 05 10      372 	.db	0x14, 0x16, 0x05, 0x05, 0x10
   066E FB 05               373 	.db	-5,0x05
   0670 1B                  374 	.db	27
   0671 42 44 49 4B 4A 44   375 	.db	0x42, 0x44, 0x49, 0x4B, 0x4A, 0x44, 0x45, 0x05
        45 05
   0679 05 14 16 05 14 16   376 	.db	0x05, 0x14, 0x16, 0x05, 0x14, 0x16, 0x05, 0x05
        05 05
   0681 3E 40 05 05 05 05   377 	.db	0x3E, 0x40, 0x05, 0x05, 0x05, 0x05, 0x15, 0x17
        15 17
   0689 05 05 10            378 	.db	0x05, 0x05, 0x10
   068C FB 05               379 	.db	-5,0x05
   068E 01                  380 	.db	1
   068F 43                  381 	.db	0x43
   0690 FB 06               382 	.db	-5,0x06
   0692 0D                  383 	.db	13
   0693 46 05 05 15 17 05   384 	.db	0x46, 0x05, 0x05, 0x15, 0x17, 0x05, 0x15, 0x17
        15 17
   069B 05 05 3F 41 05      385 	.db	0x05, 0x05, 0x3F, 0x41, 0x05
   06A0 E1 0E               386 	.db	-31,0x0E
   06A2 01                  387 	.db	1
   06A3 0F                  388 	.db	0x0F
   06A4 E0 07               389 	.db	-32,0x07
   06A6 02                  390 	.db	2
   06A7 05 07               391 	.db	0x05, 0x07
   06A9 F8 05               392 	.db	-8,0x05
   06AB 02                  393 	.db	2
   06AC 1D 1C               394 	.db	0x1D, 0x1C
   06AE EE 05               395 	.db	-18,0x05
   06B0 0A                  396 	.db	10
   06B1 07 05 05 07 05 05   397 	.db	0x07, 0x05, 0x05, 0x07, 0x05, 0x05, 0x05, 0x12
        05 12
   06B9 05 12               398 	.db	0x05, 0x12
   06BB F8 05               399 	.db	-8,0x05
   06BD 01                  400 	.db	1
   06BE 12                  401 	.db	0x12
   06BF F9 05               402 	.db	-7,0x05
   06C1 0C                  403 	.db	12
   06C2 1A 1B 05 05 05 05   404 	.db	0x1A, 0x1B, 0x05, 0x05, 0x05, 0x05, 0x07, 0x05
        07 05
   06CA 05 07 07 1B         405 	.db	0x05, 0x07, 0x07, 0x1B
   06CE F7 05               406 	.db	-9,0x05
   06D0 01                  407 	.db	1
   06D1 12                  408 	.db	0x12
   06D2 F9 05               409 	.db	-7,0x05
   06D4 15                  410 	.db	21
   06D5 12 05 05 1D 1C 05   411 	.db	0x12, 0x05, 0x05, 0x1D, 0x1C, 0x05, 0x05, 0x05
        05 05
   06DD 07 07 05 05 05 07   412 	.db	0x07, 0x07, 0x05, 0x05, 0x05, 0x07, 0x1C, 0x05
        1C 05
   06E5 05 05 12 05 12      413 	.db	0x05, 0x05, 0x12, 0x05, 0x12
   06EA F8 05               414 	.db	-8,0x05
   06EC 02                  415 	.db	2
   06ED 1A 1B               416 	.db	0x1A, 0x1B
   06EF F9 05               417 	.db	-7,0x05
   06F1 0B                  418 	.db	11
   06F2 12 05 07 05 05 1F   419 	.db	0x12, 0x05, 0x07, 0x05, 0x05, 0x1F, 0x1F, 0x07
        1F 07
   06FA 05 05 12            420 	.db	0x05, 0x05, 0x12
   06FD FA 05               421 	.db	-6,0x05
   06FF 18                  422 	.db	24
   0700 12 05 12 05 12 05   423 	.db	0x12, 0x05, 0x12, 0x05, 0x12, 0x05, 0x1D, 0x1C
        1D 1C
   0708 05 12 05 12 05 12   424 	.db	0x05, 0x12, 0x05, 0x12, 0x05, 0x12, 0x05, 0x05
        05 05
   0710 05 07 1F 1F 06 06   425 	.db	0x05, 0x07, 0x1F, 0x1F, 0x06, 0x06, 0x07, 0x07
        07 07
   0718 E9 05               426 	.db	-23,0x05
   071A 03                  427 	.db	3
   071B 1A 07 07            428 	.db	0x1A, 0x07, 0x07
   071E FB 06               429 	.db	-5,0x06
   0720 26                  430 	.db	38
   0721 07 05 05 05 1A 1B   431 	.db	0x07, 0x05, 0x05, 0x05, 0x1A, 0x1B, 0x05, 0x05
        05 05
   0729 12 05 12 05 12 05   432 	.db	0x12, 0x05, 0x12, 0x05, 0x12, 0x05, 0x12, 0x05
        12 05
   0731 12 05 1A 1B 05 05   433 	.db	0x12, 0x05, 0x1A, 0x1B, 0x05, 0x05, 0x05, 0x05
        05 05
   0739 1D 07 06 1E 1E 09   434 	.db	0x1D, 0x07, 0x06, 0x1E, 0x1E, 0x09, 0x08, 0x0A
        08 0A
   0741 07 05 05 05 1D 1C   435 	.db	0x07, 0x05, 0x05, 0x05, 0x1D, 0x1C
   0747 F4 05               436 	.db	-12,0x05
   0749 02                  437 	.db	2
   074A 1D 1C               438 	.db	0x1D, 0x1C
   074C FB 05               439 	.db	-5,0x05
   074E 08                  440 	.db	8
   074F 07 06 06 06 1E 1E   441 	.db	0x07, 0x06, 0x06, 0x06, 0x1E, 0x1E, 0x1E, 0x0B
        1E 0B
   0757 E8 1F               442 	.db	-24,0x1F
   0759 04                  443 	.db	4
   075A 0B 1E 1E 1E         444 	.db	0x0B, 0x1E, 0x1E, 0x1E
   075E C6 06               445 	.db	-58,0x06
   0760 04                  446 	.db	4
   0761 1E 1E 1E 1E         447 	.db	0x1E, 0x1E, 0x1E, 0x1E
   0765 FA 06               448 	.db	-6,0x06
   0767 07                  449 	.db	7
   0768 1E 1E 0A 08 0A 1E   450 	.db	0x1E, 0x1E, 0x0A, 0x08, 0x0A, 0x1E, 0x1E
        1E
   076F D9 06               451 	.db	-39,0x06
   0771 0B                  452 	.db	11
   0772 1E 1E 0A 08 1E 09   453 	.db	0x1E, 0x1E, 0x0A, 0x08, 0x1E, 0x09, 0x08, 0x08
        08 08
   077A 0A 1E 1E            454 	.db	0x0A, 0x1E, 0x1E
   077D D3 06               455 	.db	-45,0x06
   077F 09                  456 	.db	9
   0780 1E 1E 1E 1E 09 08   457 	.db	0x1E, 0x1E, 0x1E, 0x1E, 0x09, 0x08, 0x0A, 0x1E
        0A 1E
   0788 1E                  458 	.db	0x1E
   0789 F3 06               459 	.db	-13,0x06
   078B 00                  460 	.db	0
                            461 ;	start_up.c 4
                            462 ;	genAssign
                            463 ;	AOP_HL for _arrow_x
   078C 21 90 09            464 	ld	hl,#_arrow_x
   078F 36 48               465 	ld	(hl),#0x48
                            466 ;	start_up.c 5
                            467 ;	genAssign
                            468 ;	AOP_HL for _arrow_y
   0791 21 91 09            469 	ld	hl,#_arrow_y
   0794 36 38               470 	ld	(hl),#0x38
                            471 ;	start_up.c 12
                            472 ;	genAssign
                            473 ;	AOP_HL for _choice
   0796 21 93 09            474 	ld	hl,#_choice
   0799 36 00               475 	ld	(hl),#0x00
                            476 ;--------------------------------------------------------
                            477 ; Home
                            478 ;--------------------------------------------------------
                            479 	.area _HOME
                            480 	.area _CODE
                            481 ;--------------------------------------------------------
                            482 ; code
                            483 ;--------------------------------------------------------
                            484 	.area _CODE
                            485 ;	start_up.c 14
                            486 ;	genLabel
                            487 ;	genFunction
                            488 ;	---------------------------------
                            489 ; Function opening
                            490 ; ---------------------------------
   0000                     491 ___opening_start:
   0000                     492 _opening:
                            493 	
                            494 ;	start_up.c 18
                            495 ;	genCall
                            496 ; _saveRegsForCall: sendSetSize: 0 deInUse: 0 bcInUse: 0 deSending: 0
   0000 CD FC 00            497 	call	_setup_sprite
                            498 ;	start_up.c 19
                            499 ;	genCall
                            500 ; _saveRegsForCall: sendSetSize: 0 deInUse: 0 bcInUse: 0 deSending: 0
   0003 CD 58 01            501 	call	_setup_bkg
                            502 ;	start_up.c 20
                            503 ;	genLabel
   0006                     504 00101$:
                            505 ;	genCmpEq
                            506 ;	AOP_HL for _option
                            507 ; genCmpEq: left 1, right 1, result 0
   0006 21 92 09            508 	ld	hl,#_option
   0009 7E                  509 	ld	a,(hl)
   000A B7                  510 	or	a,a
   000B C2 1C 00            511 	jp	nz,00104$
   000E 18 03               512 	jr	00109$
   0010                     513 00108$:
   0010 C3 1C 00            514 	jp	00104$
   0013                     515 00109$:
                            516 ;	start_up.c 22
                            517 ;	genCall
                            518 ; _saveRegsForCall: sendSetSize: 0 deInUse: 0 bcInUse: 0 deSending: 0
   0013 CD 1D 00            519 	call	_start_up
                            520 ;	start_up.c 23
                            521 ;	genCall
                            522 ; _saveRegsForCall: sendSetSize: 0 deInUse: 0 bcInUse: 0 deSending: 0
   0016 CD 00 00            523 	call	_wait_vbl_done
                            524 ;	genGoto
   0019 C3 06 00            525 	jp	00101$
                            526 ;	genLabel
   001C                     527 00104$:
                            528 ;	genEndFunction
                            529 	
   001C C9                  530 	ret
   001D                     531 ___opening_end:
                            532 ;	start_up.c 28
                            533 ;	genLabel
                            534 ;	genFunction
                            535 ;	---------------------------------
                            536 ; Function start_up
                            537 ; ---------------------------------
   001D                     538 ___start_up_start:
   001D                     539 _start_up:
                            540 	
                            541 ;	start_up.c 30
                            542 ;	genIpush
                            543 ; _saveRegsForCall: sendSetSize: 0 deInUse: 0 bcInUse: 0 deSending: 0
   001D 21 64 00            544 	ld	hl,#0x0064
   0020 E5                  545 	push	hl
                            546 ;	genCall
   0021 CD 00 00            547 	call	_delay
   0024 E8 02               548 	lda	sp,2(sp)
                            549 ;	start_up.c 33
                            550 ;	genCall
                            551 ; _saveRegsForCall: sendSetSize: 0 deInUse: 0 bcInUse: 0 deSending: 0
   0026 CD 00 00            552 	call	_joypad
   0029 4B                  553 	ld	c,e
                            554 ;	genAnd
   002A 79                  555 	ld	a,c
   002B E6 08               556 	and	a,#0x08
   002D 20 03               557 	jr	nz,00118$
   002F C3 69 00            558 	jp	00104$
   0032                     559 00118$:
                            560 ;	start_up.c 35
                            561 ;	genCmpGt
                            562 ;	AOP_HL for _arrow_y
   0032 3E 40               563 	ld	a,#0x40
   0034 21 91 09            564 	ld	hl,#_arrow_y
   0037 96                  565 	sub	a,(hl)
   0038 D2 50 00            566 	jp	nc,00102$
                            567 ;	start_up.c 37
                            568 ;	genAssign
                            569 ;	AOP_HL for _arrow_y
   003B 36 30               570 	ld	(hl),#0x30
                            571 ;	start_up.c 38
                            572 ;	genIpush
                            573 ; _saveRegsForCall: sendSetSize: 0 deInUse: 0 bcInUse: 0 deSending: 0
   003D 3E 30               574 	ld	a,#0x30
   003F F5                  575 	push	af
   0040 33                  576 	inc	sp
                            577 ;	genIpush
                            578 ;	AOP_HL for _arrow_x
   0041 21 90 09            579 	ld	hl,#_arrow_x
   0044 7E                  580 	ld	a,(hl)
   0045 F5                  581 	push	af
   0046 33                  582 	inc	sp
                            583 ;	genIpush
   0047 3E 00               584 	ld	a,#0x00
   0049 F5                  585 	push	af
   004A 33                  586 	inc	sp
                            587 ;	genCall
   004B CD 00 00            588 	call	_move_sprite
   004E E8 03               589 	lda	sp,3(sp)
                            590 ;	genLabel
   0050                     591 00102$:
                            592 ;	start_up.c 40
                            593 ;	genPlus
                            594 ;	AOP_HL for _arrow_y
                            595 ;	genPlusIncr
                            596 ;	Can't optimise plus by inc, falling back to the normal way
   0050 21 91 09            597 	ld	hl,#_arrow_y
   0053 7E                  598 	ld	a,(hl)
   0054 C6 08               599 	add	a,#0x08
                            600 ;	start_up.c 41
                            601 ;	genIpush
                            602 ; _saveRegsForCall: sendSetSize: 0 deInUse: 0 bcInUse: 0 deSending: 0
                            603 ;	AOP_HL for _arrow_y
   0056 77                  604 	ld      (hl),a
   0057 7F                  605 	ld      a,a
   0058 F5                  606 	push	af
   0059 33                  607 	inc	sp
                            608 ;	genIpush
                            609 ;	AOP_HL for _arrow_x
   005A 21 90 09            610 	ld	hl,#_arrow_x
   005D 7E                  611 	ld	a,(hl)
   005E F5                  612 	push	af
   005F 33                  613 	inc	sp
                            614 ;	genIpush
   0060 3E 00               615 	ld	a,#0x00
   0062 F5                  616 	push	af
   0063 33                  617 	inc	sp
                            618 ;	genCall
   0064 CD 00 00            619 	call	_move_sprite
   0067 E8 03               620 	lda	sp,3(sp)
                            621 ;	genLabel
   0069                     622 00104$:
                            623 ;	start_up.c 44
                            624 ;	genCall
                            625 ; _saveRegsForCall: sendSetSize: 0 deInUse: 0 bcInUse: 0 deSending: 0
   0069 CD 00 00            626 	call	_joypad
   006C 4B                  627 	ld	c,e
                            628 ;	genAnd
   006D 79                  629 	ld	a,c
   006E E6 04               630 	and	a,#0x04
   0070 20 03               631 	jr	nz,00119$
   0072 C3 AC 00            632 	jp	00108$
   0075                     633 00119$:
                            634 ;	start_up.c 46
                            635 ;	genCmpLt
                            636 ;	AOP_HL for _arrow_y
   0075 21 91 09            637 	ld	hl,#_arrow_y
   0078 7E                  638 	ld	a,(hl)
   0079 FE 40               639 	cp	#0x40
   007B D2 93 00            640 	jp	nc,00106$
                            641 ;	start_up.c 48
                            642 ;	genAssign
                            643 ;	AOP_HL for _arrow_y
   007E 36 50               644 	ld	(hl),#0x50
                            645 ;	start_up.c 49
                            646 ;	genIpush
                            647 ; _saveRegsForCall: sendSetSize: 0 deInUse: 0 bcInUse: 0 deSending: 0
   0080 3E 50               648 	ld	a,#0x50
   0082 F5                  649 	push	af
   0083 33                  650 	inc	sp
                            651 ;	genIpush
                            652 ;	AOP_HL for _arrow_x
   0084 21 90 09            653 	ld	hl,#_arrow_x
   0087 7E                  654 	ld	a,(hl)
   0088 F5                  655 	push	af
   0089 33                  656 	inc	sp
                            657 ;	genIpush
   008A 3E 00               658 	ld	a,#0x00
   008C F5                  659 	push	af
   008D 33                  660 	inc	sp
                            661 ;	genCall
   008E CD 00 00            662 	call	_move_sprite
   0091 E8 03               663 	lda	sp,3(sp)
                            664 ;	genLabel
   0093                     665 00106$:
                            666 ;	start_up.c 51
                            667 ;	genMinus
                            668 ;	AOP_HL for _arrow_y
   0093 21 91 09            669 	ld	hl,#_arrow_y
   0096 7E                  670 	ld	a,(hl)
   0097 C6 F8               671 	add	a,#0xF8
                            672 ;	start_up.c 52
                            673 ;	genIpush
                            674 ; _saveRegsForCall: sendSetSize: 0 deInUse: 0 bcInUse: 0 deSending: 0
                            675 ;	AOP_HL for _arrow_y
   0099 77                  676 	ld      (hl),a
   009A 7F                  677 	ld      a,a
   009B F5                  678 	push	af
   009C 33                  679 	inc	sp
                            680 ;	genIpush
                            681 ;	AOP_HL for _arrow_x
   009D 21 90 09            682 	ld	hl,#_arrow_x
   00A0 7E                  683 	ld	a,(hl)
   00A1 F5                  684 	push	af
   00A2 33                  685 	inc	sp
                            686 ;	genIpush
   00A3 3E 00               687 	ld	a,#0x00
   00A5 F5                  688 	push	af
   00A6 33                  689 	inc	sp
                            690 ;	genCall
   00A7 CD 00 00            691 	call	_move_sprite
   00AA E8 03               692 	lda	sp,3(sp)
                            693 ;	genLabel
   00AC                     694 00108$:
                            695 ;	start_up.c 55
                            696 ;	genCall
                            697 ; _saveRegsForCall: sendSetSize: 0 deInUse: 0 bcInUse: 0 deSending: 0
   00AC CD 00 00            698 	call	_joypad
   00AF 4B                  699 	ld	c,e
                            700 ;	genAnd
   00B0 79                  701 	ld	a,c
   00B1 E6 10               702 	and	a,#0x10
   00B3 20 03               703 	jr	nz,00120$
   00B5 C3 C1 00            704 	jp	00111$
   00B8                     705 00120$:
                            706 ;	start_up.c 56
                            707 ;	genCall
                            708 ; _saveRegsForCall: sendSetSize: 0 deInUse: 0 bcInUse: 0 deSending: 0
   00B8 CD C2 00            709 	call	_check_pos
   00BB 42                  710 	ld	b,d
   00BC 4B                  711 	ld	c,e
                            712 ;	genCast
                            713 ;	AOP_HL for _option
   00BD 21 92 09            714 	ld	hl,#_option
   00C0 71                  715 	ld	(hl),c
                            716 ;	genLabel
   00C1                     717 00111$:
                            718 ;	genEndFunction
                            719 	
   00C1 C9                  720 	ret
   00C2                     721 ___start_up_end:
                            722 ;	start_up.c 60
                            723 ;	genLabel
                            724 ;	genFunction
                            725 ;	---------------------------------
                            726 ; Function check_pos
                            727 ; ---------------------------------
   00C2                     728 ___check_pos_start:
   00C2                     729 _check_pos:
                            730 	
                            731 ;	start_up.c 62
                            732 ;	genCmpEq
                            733 ;	AOP_HL for _arrow_y
                            734 ; genCmpEq: left 1, right 1, result 0
   00C2 21 91 09            735 	ld	hl,#_arrow_y
   00C5 7E                  736 	ld	a,(hl)
   00C6 FE 38               737 	cp	a,#0x38
   00C8 C2 D6 00            738 	jp	nz,00102$
   00CB 18 03               739 	jr	00113$
   00CD                     740 00112$:
   00CD C3 D6 00            741 	jp	00102$
   00D0                     742 00113$:
                            743 ;	start_up.c 63
                            744 ;	genRet
   00D0 11 01 00            745 	ld	de,#0x0001
   00D3 C3 FB 00            746 	jp	00107$
                            747 ;	genLabel
   00D6                     748 00102$:
                            749 ;	start_up.c 64
                            750 ;	genCmpEq
                            751 ;	AOP_HL for _arrow_y
                            752 ; genCmpEq: left 1, right 1, result 0
   00D6 21 91 09            753 	ld	hl,#_arrow_y
   00D9 7E                  754 	ld	a,(hl)
   00DA FE 40               755 	cp	a,#0x40
   00DC C2 EA 00            756 	jp	nz,00104$
   00DF 18 03               757 	jr	00115$
   00E1                     758 00114$:
   00E1 C3 EA 00            759 	jp	00104$
   00E4                     760 00115$:
                            761 ;	start_up.c 65
                            762 ;	genRet
   00E4 11 02 00            763 	ld	de,#0x0002
   00E7 C3 FB 00            764 	jp	00107$
                            765 ;	genLabel
   00EA                     766 00104$:
                            767 ;	start_up.c 66
                            768 ;	genCmpEq
                            769 ;	AOP_HL for _arrow_y
                            770 ; genCmpEq: left 1, right 1, result 0
   00EA 21 91 09            771 	ld	hl,#_arrow_y
   00ED 7E                  772 	ld	a,(hl)
   00EE FE 48               773 	cp	a,#0x48
   00F0 C2 FB 00            774 	jp	nz,00107$
   00F3 18 03               775 	jr	00117$
   00F5                     776 00116$:
   00F5 C3 FB 00            777 	jp	00107$
   00F8                     778 00117$:
                            779 ;	start_up.c 67
                            780 ;	genRet
   00F8 11 03 00            781 	ld	de,#0x0003
                            782 ;	genLabel
   00FB                     783 00107$:
                            784 ;	genEndFunction
                            785 	
   00FB C9                  786 	ret
   00FC                     787 ___check_pos_end:
                            788 ;	start_up.c 71
                            789 ;	genLabel
                            790 ;	genFunction
                            791 ;	---------------------------------
                            792 ; Function setup_sprite
                            793 ; ---------------------------------
   00FC                     794 ___setup_sprite_start:
   00FC                     795 _setup_sprite:
   00FC E8 FD               796 	lda	sp,-3(sp)
                            797 ;	start_up.c 73
                            798 ;	genAssign
   00FE 01 40 FF            799 	ld	bc,#0xFF40
                            800 ;	genAssign
                            801 ;	AOP_STK for _setup_sprite_sloc0_1_0
   0101 F8 01               802 	lda	hl,1(sp)
   0103 36 40               803 	ld	(hl),#0x40
   0105 23                  804 	inc	hl
   0106 36 FF               805 	ld	(hl),#0xFF
                            806 ;	genPointerGet
                            807 ;	AOP_STK for _setup_sprite_sloc0_1_0
                            808 ;	AOP_STK for _setup_sprite_sloc1_1_0
   0108 2B                  809 	dec	hl
   0109 5E                  810 	ld	e,(hl)
   010A 23                  811 	inc	hl
   010B 56                  812 	ld	d,(hl)
   010C 1A                  813 	ld	a,(de)
   010D 2B                  814 	dec	hl
   010E 2B                  815 	dec	hl
                            816 ;	genAnd
                            817 ;	AOP_STK for _setup_sprite_sloc1_1_0
   010F 77                  818 	ld      (hl),a
   0110 7F                  819 	ld      a,a
   0111 E6 FB               820 	and	a,#0xFB
                            821 ;	genAssign (pointer)
   0113 02                  822 	ld	(bc),a
                            823 ;	start_up.c 74
                            824 ;	genIpush
                            825 ; _saveRegsForCall: sendSetSize: 0 deInUse: 0 bcInUse: 0 deSending: 0
   0114 21 00 00            826 	ld	hl,#_ship_tiles
   0117 E5                  827 	push	hl
                            828 ;	genIpush
   0118 21 00 59            829 	ld	hl,#0x5900
   011B E5                  830 	push	hl
                            831 ;	genCall
   011C CD 00 00            832 	call	_set_sprite_data
   011F E8 04               833 	lda	sp,4(sp)
                            834 ;	start_up.c 76
                            835 ;	genIpush
                            836 ; _saveRegsForCall: sendSetSize: 0 deInUse: 0 bcInUse: 0 deSending: 0
   0121 21 00 50            837 	ld	hl,#0x5000
   0124 E5                  838 	push	hl
                            839 ;	genCall
   0125 CD 00 00            840 	call	_set_sprite_tile
   0128 E8 02               841 	lda	sp,2(sp)
                            842 ;	start_up.c 77
                            843 ;	genIpush
                            844 ; _saveRegsForCall: sendSetSize: 0 deInUse: 0 bcInUse: 0 deSending: 0
                            845 ;	AOP_HL for _arrow_y
   012A 21 91 09            846 	ld	hl,#_arrow_y
   012D 7E                  847 	ld	a,(hl)
   012E F5                  848 	push	af
   012F 33                  849 	inc	sp
                            850 ;	genIpush
                            851 ;	AOP_HL for _arrow_x
   0130 21 90 09            852 	ld	hl,#_arrow_x
   0133 7E                  853 	ld	a,(hl)
   0134 F5                  854 	push	af
   0135 33                  855 	inc	sp
                            856 ;	genIpush
   0136 3E 00               857 	ld	a,#0x00
   0138 F5                  858 	push	af
   0139 33                  859 	inc	sp
                            860 ;	genCall
   013A CD 00 00            861 	call	_move_sprite
   013D E8 03               862 	lda	sp,3(sp)
                            863 ;	start_up.c 79
                            864 ;	genAssign
   013F 01 40 FF            865 	ld	bc,#0xFF40
                            866 ;	genAssign
                            867 ;	AOP_STK for _setup_sprite_sloc0_1_0
   0142 F8 01               868 	lda	hl,1(sp)
   0144 36 40               869 	ld	(hl),#0x40
   0146 23                  870 	inc	hl
   0147 36 FF               871 	ld	(hl),#0xFF
                            872 ;	genPointerGet
                            873 ;	AOP_STK for _setup_sprite_sloc0_1_0
                            874 ;	AOP_STK for _setup_sprite_sloc1_1_0
   0149 2B                  875 	dec	hl
   014A 5E                  876 	ld	e,(hl)
   014B 23                  877 	inc	hl
   014C 56                  878 	ld	d,(hl)
   014D 1A                  879 	ld	a,(de)
   014E 2B                  880 	dec	hl
   014F 2B                  881 	dec	hl
                            882 ;	genOr
                            883 ;	AOP_STK for _setup_sprite_sloc1_1_0
   0150 77                  884 	ld      (hl),a
   0151 7F                  885 	ld      a,a
   0152 F6 02               886 	or	a,#0x02
                            887 ;	genAssign (pointer)
   0154 02                  888 	ld	(bc),a
                            889 ;	genLabel
   0155                     890 00101$:
                            891 ;	genEndFunction
   0155 E8 03               892 	lda	sp,3(sp)
   0157 C9                  893 	ret
   0158                     894 ___setup_sprite_end:
                            895 ;	start_up.c 83
                            896 ;	genLabel
                            897 ;	genFunction
                            898 ;	---------------------------------
                            899 ; Function setup_bkg
                            900 ; ---------------------------------
   0158                     901 ___setup_bkg_start:
   0158                     902 _setup_bkg:
   0158 E8 FD               903 	lda	sp,-3(sp)
                            904 ;	start_up.c 85
                            905 ;	genAssign
   015A 01 40 FF            906 	ld	bc,#0xFF40
                            907 ;	genAssign
                            908 ;	AOP_STK for _setup_bkg_sloc0_1_0
   015D F8 01               909 	lda	hl,1(sp)
   015F 36 40               910 	ld	(hl),#0x40
   0161 23                  911 	inc	hl
   0162 36 FF               912 	ld	(hl),#0xFF
                            913 ;	genPointerGet
                            914 ;	AOP_STK for _setup_bkg_sloc0_1_0
                            915 ;	AOP_STK for _setup_bkg_sloc1_1_0
   0164 2B                  916 	dec	hl
   0165 5E                  917 	ld	e,(hl)
   0166 23                  918 	inc	hl
   0167 56                  919 	ld	d,(hl)
   0168 1A                  920 	ld	a,(de)
   0169 2B                  921 	dec	hl
   016A 2B                  922 	dec	hl
                            923 ;	genAnd
                            924 ;	AOP_STK for _setup_bkg_sloc1_1_0
   016B 77                  925 	ld      (hl),a
   016C 7F                  926 	ld      a,a
   016D E6 DF               927 	and	a,#0xDF
                            928 ;	genAssign (pointer)
   016F 02                  929 	ld	(bc),a
                            930 ;	start_up.c 86
                            931 ;	genAssign
   0170 01 40 FF            932 	ld	bc,#0xFF40
                            933 ;	genAssign
                            934 ;	AOP_STK for _setup_bkg_sloc0_1_0
   0173 23                  935 	inc	hl
   0174 36 40               936 	ld	(hl),#0x40
   0176 23                  937 	inc	hl
   0177 36 FF               938 	ld	(hl),#0xFF
                            939 ;	genPointerGet
                            940 ;	AOP_STK for _setup_bkg_sloc0_1_0
                            941 ;	AOP_STK for _setup_bkg_sloc1_1_0
   0179 2B                  942 	dec	hl
   017A 5E                  943 	ld	e,(hl)
   017B 23                  944 	inc	hl
   017C 56                  945 	ld	d,(hl)
   017D 1A                  946 	ld	a,(de)
   017E 2B                  947 	dec	hl
   017F 2B                  948 	dec	hl
                            949 ;	genOr
                            950 ;	AOP_STK for _setup_bkg_sloc1_1_0
   0180 77                  951 	ld      (hl),a
   0181 7F                  952 	ld      a,a
   0182 F6 01               953 	or	a,#0x01
                            954 ;	genAssign (pointer)
   0184 02                  955 	ld	(bc),a
                            956 ;	start_up.c 89
                            957 ;	genIpush
                            958 ; _saveRegsForCall: sendSetSize: 0 deInUse: 0 bcInUse: 0 deSending: 0
   0185 21 00 00            959 	ld	hl,#_ship_tiles
   0188 E5                  960 	push	hl
                            961 ;	genIpush
   0189 21 00 59            962 	ld	hl,#0x5900
   018C E5                  963 	push	hl
                            964 ;	genCall
   018D CD 00 00            965 	call	_set_bkg_data
   0190 E8 04               966 	lda	sp,4(sp)
                            967 ;	start_up.c 90
                            968 ;	genIpush
                            969 ; _saveRegsForCall: sendSetSize: 0 deInUse: 0 bcInUse: 0 deSending: 0
   0192 21 90 05            970 	ld	hl,#_open_screen
   0195 E5                  971 	push	hl
                            972 ;	genIpush
   0196 21 20 20            973 	ld	hl,#0x2020
   0199 E5                  974 	push	hl
                            975 ;	genIpush
   019A 21 00 00            976 	ld	hl,#0x0000
   019D E5                  977 	push	hl
                            978 ;	genCall
   019E CD 00 00            979 	call	_set_bkg_tiles
   01A1 E8 06               980 	lda	sp,6(sp)
                            981 ;	start_up.c 91
                            982 ;	genIpush
                            983 ; _saveRegsForCall: sendSetSize: 0 deInUse: 0 bcInUse: 0 deSending: 0
   01A3 21 60 00            984 	ld	hl,#0x0060
   01A6 E5                  985 	push	hl
                            986 ;	genCall
   01A7 CD 00 00            987 	call	_scroll_bkg
   01AA E8 02               988 	lda	sp,2(sp)
                            989 ;	start_up.c 93
                            990 ;	genAssign
   01AC 01 40 FF            991 	ld	bc,#0xFF40
                            992 ;	genAssign
                            993 ;	AOP_STK for _setup_bkg_sloc0_1_0
   01AF F8 01               994 	lda	hl,1(sp)
   01B1 36 40               995 	ld	(hl),#0x40
   01B3 23                  996 	inc	hl
   01B4 36 FF               997 	ld	(hl),#0xFF
                            998 ;	genPointerGet
                            999 ;	AOP_STK for _setup_bkg_sloc0_1_0
                           1000 ;	AOP_STK for _setup_bkg_sloc1_1_0
   01B6 2B                 1001 	dec	hl
   01B7 5E                 1002 	ld	e,(hl)
   01B8 23                 1003 	inc	hl
   01B9 56                 1004 	ld	d,(hl)
   01BA 1A                 1005 	ld	a,(de)
   01BB 2B                 1006 	dec	hl
   01BC 2B                 1007 	dec	hl
                           1008 ;	genOr
                           1009 ;	AOP_STK for _setup_bkg_sloc1_1_0
   01BD 77                 1010 	ld      (hl),a
   01BE 7F                 1011 	ld      a,a
   01BF F6 80              1012 	or	a,#0x80
                           1013 ;	genAssign (pointer)
   01C1 02                 1014 	ld	(bc),a
                           1015 ;	genLabel
   01C2                    1016 00101$:
                           1017 ;	genEndFunction
   01C2 E8 03              1018 	lda	sp,3(sp)
   01C4 C9                 1019 	ret
   01C5                    1020 ___setup_bkg_end:
                           1021 	.area _CODE
ASxxxx Assembler V01.75  (GameBoy Z80-like CPU), page 1.

Symbol Table

  0 ___check_pos_end                   00FC R
  0 ___check_pos_start                 00C2 R
  0 ___opening_end                     001D R
  0 ___opening_start                   0000 R
  0 ___setup_bkg_end                   01C5 R
  0 ___setup_bkg_start                 0158 R
  0 ___setup_sprite_end                0158 R
  0 ___setup_sprite_start              00FC R
  0 ___start_up_end                    00C2 R
  0 ___start_up_start                  001D R
    __initrleblock                     **** GX
  1 _arrow_x                           0990 GR
  1 _arrow_y                           0991 GR
  0 _check_pos                         00C2 GR
  1 _choice                            0993 GR
    _delay                             **** GX
    _joypad                            **** GX
    _move_sprite                       **** GX
  1 _open_screen                       0590 GR
  0 _opening                           0000 GR
  1 _option                            0992 GR
    _scroll_bkg                        **** GX
    _set_bkg_data                      **** GX
    _set_bkg_tiles                     **** GX
    _set_sprite_data                   **** GX
    _set_sprite_tile                   **** GX
  0 _setup_bkg                         0158 GR
  0 _setup_sprite                      00FC GR
  1 _ship_tiles                        0000 GR
  0 _start_up                          001D GR
    _wait_vbl_done                     **** GX

ASxxxx Assembler V01.75  (GameBoy Z80-like CPU), page 2.

Area Table

   0 _CODE                              size  1C5   flags 0
   1 _DATA                              size  994   flags 0
   2 _OVERLAY                           size    0   flags 0
   3 _ISEG                              size    0   flags 0
   4 _BSEG                              size    0   flags 0
   5 _XSEG                              size    0   flags 0
   6 _GSINIT                            size  79B   flags 0
   7 _GSFINAL                           size    0   flags 0
   8 _HOME                              size    0   flags 0
