                              1 ;--------------------------------------------------------
                              2 ; File Created by SDCC : FreeWare ANSI-C Compiler
                              3 ; Version 2.3.1 Mon Mar  4 15:06:17 2019
                              4 
                              5 ;--------------------------------------------------------
                              6 	.module lcc278610
                              7 	
                              8 ;--------------------------------------------------------
                              9 ; Public variables in this module
                             10 ;--------------------------------------------------------
                             11 	.globl _shit_pot
                             12 ;--------------------------------------------------------
                             13 ; special function registers
                             14 ;--------------------------------------------------------
                             15 ;--------------------------------------------------------
                             16 ; special function bits 
                             17 ;--------------------------------------------------------
                             18 ;--------------------------------------------------------
                             19 ; internal ram data
                             20 ;--------------------------------------------------------
                             21 	.area _DATA
   0000                      22 _shit_pot::
   0000                      23 	.ds 1024
                             24 ;--------------------------------------------------------
                             25 ; overlayable items in internal ram 
                             26 ;--------------------------------------------------------
                             27 	.area _OVERLAY
                             28 ;--------------------------------------------------------
                             29 ; indirectly addressable internal ram data
                             30 ;--------------------------------------------------------
                             31 	.area _ISEG
                             32 ;--------------------------------------------------------
                             33 ; bit data
                             34 ;--------------------------------------------------------
                             35 	.area _BSEG
                             36 ;--------------------------------------------------------
                             37 ; external ram data
                             38 ;--------------------------------------------------------
                             39 	.area _XSEG
                             40 ;--------------------------------------------------------
                             41 ; global & static initialisations
                             42 ;--------------------------------------------------------
                             43 	.area _GSINIT
                             44 	.area _GSFINAL
                             45 	.area _GSINIT
                             46 ;	shit_pot.c 25
                             47 ;	shit_pot.c 131
                             48 ;	genArrayInit
                             49 ; _saveRegsForCall: sendSetSize: 0 deInUse: 0 bcInUse: 0 deSending: 0
   0000 21 00 00             50 	ld	hl,#_shit_pot
   0003 CD 00 00             51 	call	__initrleblock
   0006 81 09                52 	.db	-127,0x09
   0008 D2 09                53 	.db	-46,0x09
   000A 04                   54 	.db	4
   000B 08 08 08 08          55 	.db	0x08, 0x08, 0x08, 0x08
   000F E4 09                56 	.db	-28,0x09
   0011 04                   57 	.db	4
   0012 08 08 08 08          58 	.db	0x08, 0x08, 0x08, 0x08
   0016 E4 09                59 	.db	-28,0x09
   0018 04                   60 	.db	4
   0019 08 08 08 08          61 	.db	0x08, 0x08, 0x08, 0x08
   001D F1 09                62 	.db	-15,0x09
   001F 81 0A                63 	.db	-127,0x0A
   0021 81 0A                64 	.db	-127,0x0A
   0023 81 0A                65 	.db	-127,0x0A
   0025 81 0A                66 	.db	-127,0x0A
   0027 81 0A                67 	.db	-127,0x0A
   0029 81 0A                68 	.db	-127,0x0A
   002B FA 0A                69 	.db	-6,0x0A
   002D 00                   70 	.db	0
                             71 ;--------------------------------------------------------
                             72 ; Home
                             73 ;--------------------------------------------------------
                             74 	.area _HOME
                             75 	.area _CODE
                             76 ;--------------------------------------------------------
                             77 ; code
                             78 ;--------------------------------------------------------
                             79 	.area _CODE
                             80 	.area _CODE
ASxxxx Assembler V01.75  (GameBoy Z80-like CPU), page 1.

Symbol Table

    __initrleblock                     **** GX
  1 _shit_pot                          0000 GR

ASxxxx Assembler V01.75  (GameBoy Z80-like CPU), page 2.

Area Table

   0 _CODE                              size    0   flags 0
   1 _DATA                              size  400   flags 0
   2 _OVERLAY                           size    0   flags 0
   3 _ISEG                              size    0   flags 0
   4 _BSEG                              size    0   flags 0
   5 _XSEG                              size    0   flags 0
   6 _GSINIT                            size   2E   flags 0
   7 _GSFINAL                           size    0   flags 0
   8 _HOME                              size    0   flags 0
