                              1 ;--------------------------------------------------------
                              2 ; File Created by SDCC : FreeWare ANSI-C Compiler
                              3 ; Version 2.3.1 Mon Mar  4 15:05:36 2019
                              4 
                              5 ;--------------------------------------------------------
                              6 	.module lcc277340
                              7 	
                              8 ;--------------------------------------------------------
                              9 ; Public variables in this module
                             10 ;--------------------------------------------------------
                             11 	.globl _asakawa_front_idle
                             12 ;--------------------------------------------------------
                             13 ; special function registers
                             14 ;--------------------------------------------------------
                             15 ;--------------------------------------------------------
                             16 ; special function bits 
                             17 ;--------------------------------------------------------
                             18 ;--------------------------------------------------------
                             19 ; internal ram data
                             20 ;--------------------------------------------------------
                             21 	.area _DATA
   0000                      22 _asakawa_front_idle::
   0000                      23 	.ds 128
                             24 ;--------------------------------------------------------
                             25 ; overlayable items in internal ram 
                             26 ;--------------------------------------------------------
                             27 	.area _OVERLAY
                             28 ;--------------------------------------------------------
                             29 ; indirectly addressable internal ram data
                             30 ;--------------------------------------------------------
                             31 	.area _ISEG
                             32 ;--------------------------------------------------------
                             33 ; bit data
                             34 ;--------------------------------------------------------
                             35 	.area _BSEG
                             36 ;--------------------------------------------------------
                             37 ; external ram data
                             38 ;--------------------------------------------------------
                             39 	.area _XSEG
                             40 ;--------------------------------------------------------
                             41 ; global & static initialisations
                             42 ;--------------------------------------------------------
                             43 	.area _GSINIT
                             44 	.area _GSFINAL
                             45 	.area _GSINIT
                             46 ;	asakawa_front_idle.c 26
                             47 ;	asakawa_front_idle.c 45
                             48 ;	genArrayInit
                             49 ; _saveRegsForCall: sendSetSize: 0 deInUse: 0 bcInUse: 0 deSending: 0
   0000 21 00 00             50 	ld	hl,#_asakawa_front_idle
   0003 CD 00 00             51 	call	__initrleblock
   0006 7F                   52 	.db	127
   0007 0F 0F 1F 1F 1F 11    53 	.db	0x0F, 0x0F, 0x1F, 0x1F, 0x1F, 0x11, 0x1F, 0x04
        1F 04
   000F 1F 00 0F 00 0F 00    54 	.db	0x1F, 0x00, 0x0F, 0x00, 0x0F, 0x00, 0x03, 0x03
        03 03
   0017 01 1D 00 1F 00 1F    55 	.db	0x01, 0x1D, 0x00, 0x1F, 0x00, 0x1F, 0x00, 0x1F
        00 1F
   001F 30 0F 30 0F 00 0F    56 	.db	0x30, 0x0F, 0x30, 0x0F, 0x00, 0x0F, 0x1F, 0x1F
        1F 1F
   0027 F0 F1 F8 FB F8 8A    57 	.db	0xF0, 0xF1, 0xF8, 0xFB, 0xF8, 0x8A, 0xF8, 0x21
        F8 21
   002F F8 01 02 FC F0 00    58 	.db	0xF8, 0x01, 0x02, 0xFC, 0xF0, 0x00, 0xC0, 0xC0
        C0 C0
   0037 80 B8 00 F8 00 F8    59 	.db	0x80, 0xB8, 0x00, 0xF8, 0x00, 0xF8, 0x00, 0xF8
        00 F8
   003F 0C F0 0C F0 00 F0    60 	.db	0x0C, 0xF0, 0x0C, 0xF0, 0x00, 0xF0, 0xF8, 0xF8
        F8 F8
   0047 0F 8F 1F DF 1F 51    61 	.db	0x0F, 0x8F, 0x1F, 0xDF, 0x1F, 0x51, 0x1F, 0x84
        1F 84
   004F 1F 80 40 3F 0F 00    62 	.db	0x1F, 0x80, 0x40, 0x3F, 0x0F, 0x00, 0x03, 0x1F
        03 1F
   0057 01 1D 00 1F 00 1F    63 	.db	0x01, 0x1D, 0x00, 0x1F, 0x00, 0x1F, 0x30, 0x0F
        30 0F
   005F 30 0F 00 0F 00 0F    64 	.db	0x30, 0x0F, 0x00, 0x0F, 0x00, 0x0F, 0x1F, 0x1F
        1F 1F
   0067 F0 F0 F8 F8 F8 88    65 	.db	0xF0, 0xF0, 0xF8, 0xF8, 0xF8, 0x88, 0xF8, 0x20
        F8 20
   006F F8 00 F0 00 F0 00    66 	.db	0xF8, 0x00, 0xF0, 0x00, 0xF0, 0x00, 0xC0, 0xF8
        C0 F8
   0077 80 B8 00 F8 00 F8    67 	.db	0x80, 0xB8, 0x00, 0xF8, 0x00, 0xF8, 0x0C, 0xF0
        0C F0
   007F 0C F0 00 F0 00 F0    68 	.db	0x0C, 0xF0, 0x00, 0xF0, 0x00, 0xF0, 0xF8
        F8
   0086 01                   69 	.db	1
   0087 F8                   70 	.db	0xF8
   0088 00                   71 	.db	0
                             72 ;--------------------------------------------------------
                             73 ; Home
                             74 ;--------------------------------------------------------
                             75 	.area _HOME
                             76 	.area _CODE
                             77 ;--------------------------------------------------------
                             78 ; code
                             79 ;--------------------------------------------------------
                             80 	.area _CODE
                             81 	.area _CODE
ASxxxx Assembler V01.75  (GameBoy Z80-like CPU), page 1.

Symbol Table

    __initrleblock                     **** GX
  1 _asakawa_front_idle                0000 GR

ASxxxx Assembler V01.75  (GameBoy Z80-like CPU), page 2.

Area Table

   0 _CODE                              size    0   flags 0
   1 _DATA                              size   80   flags 0
   2 _OVERLAY                           size    0   flags 0
   3 _ISEG                              size    0   flags 0
   4 _BSEG                              size    0   flags 0
   5 _XSEG                              size    0   flags 0
   6 _GSINIT                            size   89   flags 0
   7 _GSFINAL                           size    0   flags 0
   8 _HOME                              size    0   flags 0
