                              1 ;--------------------------------------------------------
                              2 ; File Created by SDCC : FreeWare ANSI-C Compiler
                              3 ; Version 2.3.1 Fri May  3 22:33:57 2019
                              4 
                              5 ;--------------------------------------------------------
                              6 	.module lcc140060
                              7 	
                              8 ;--------------------------------------------------------
                              9 ; Public variables in this module
                             10 ;--------------------------------------------------------
                             11 	.globl _fisherman_walk_side
                             12 ;--------------------------------------------------------
                             13 ; special function registers
                             14 ;--------------------------------------------------------
                             15 ;--------------------------------------------------------
                             16 ; special function bits 
                             17 ;--------------------------------------------------------
                             18 ;--------------------------------------------------------
                             19 ; internal ram data
                             20 ;--------------------------------------------------------
                             21 	.area _DATA
   0000                      22 _fisherman_walk_side::
   0000                      23 	.ds 128
                             24 ;--------------------------------------------------------
                             25 ; overlayable items in internal ram 
                             26 ;--------------------------------------------------------
                             27 	.area _OVERLAY
                             28 ;--------------------------------------------------------
                             29 ; indirectly addressable internal ram data
                             30 ;--------------------------------------------------------
                             31 	.area _ISEG
                             32 ;--------------------------------------------------------
                             33 ; bit data
                             34 ;--------------------------------------------------------
                             35 	.area _BSEG
                             36 ;--------------------------------------------------------
                             37 ; external ram data
                             38 ;--------------------------------------------------------
                             39 	.area _XSEG
                             40 ;--------------------------------------------------------
                             41 ; global & static initialisations
                             42 ;--------------------------------------------------------
                             43 	.area _GSINIT
                             44 	.area _GSFINAL
                             45 	.area _GSINIT
                             46 ;	assets/sprites/fisherman_walk_sideways.c 26
                             47 ;	assets/sprites/fisherman_walk_sideways.c 45
                             48 ;	genArrayInit
                             49 ; _saveRegsForCall: sendSetSize: 0 deInUse: 0 bcInUse: 0 deSending: 0
   0000 21 00 00             50 	ld	hl,#_fisherman_walk_side
   0003 CD 00 00             51 	call	__initrleblock
   0006 3B                   52 	.db	59
   0007 07 07 08 0F 1F 1F    53 	.db	0x07, 0x07, 0x08, 0x0F, 0x1F, 0x1F, 0x07, 0x02
        07 02
   000F 0F 00 07 04 03 00    54 	.db	0x0F, 0x00, 0x07, 0x04, 0x03, 0x00, 0x00, 0x07
        00 07
   0017 00 1F 00 1F 00 1F    55 	.db	0x00, 0x1F, 0x00, 0x1F, 0x00, 0x1F, 0x1F, 0x1F
        1F 1F
   001F 00 1F 00 1F 3F 3F    56 	.db	0x00, 0x1F, 0x00, 0x1F, 0x3F, 0x3F, 0x01, 0x01
        01 01
   0027 E0 E0 10 F0 F8 F8    57 	.db	0xE0, 0xE0, 0x10, 0xF0, 0xF8, 0xF8, 0xF0, 0x10
        F0 10
   002F F0 10 E0 00 C0 00    58 	.db	0xF0, 0x10, 0xE0, 0x00, 0xC0, 0x00, 0xE0, 0xF0
        E0 F0
   0037 90 F8 90 F8 90 F8    59 	.db	0x90, 0xF8, 0x90, 0xF8, 0x90, 0xF8, 0xF8, 0x98
        F8 98
   003F 60 98 00             60 	.db	0x60, 0x98, 0x00
   0042 FB F8                61 	.db	-5,0xF8
   0044 40                   62 	.db	64
   0045 07 07 08 0F 1F 1F    63 	.db	0x07, 0x07, 0x08, 0x0F, 0x1F, 0x1F, 0x07, 0x02
        07 02
   004D 0F 00 07 04 00 07    64 	.db	0x0F, 0x00, 0x07, 0x04, 0x00, 0x07, 0x00, 0x0F
        00 0F
   0055 00 1F 00 1F 00 1F    65 	.db	0x00, 0x1F, 0x00, 0x1F, 0x00, 0x1F, 0x1F, 0x1F
        1F 1F
   005D 00 1F 00 1F 1F 1F    66 	.db	0x00, 0x1F, 0x00, 0x1F, 0x1F, 0x1F, 0x3F, 0x3F
        3F 3F
   0065 E0 E0 10 F0 F8 F8    67 	.db	0xE0, 0xE0, 0x10, 0xF0, 0xF8, 0xF8, 0xF0, 0x10
        F0 10
   006D F0 10 E0 00 E0 F0    68 	.db	0xF0, 0x10, 0xE0, 0x00, 0xE0, 0xF0, 0x90, 0xF8
        90 F8
   0075 90 F8 90 F8 F0 98    69 	.db	0x90, 0xF8, 0x90, 0xF8, 0xF0, 0x98, 0xF8, 0x98
        F8 98
   007D 00 F8 00 F8 F8 F8    70 	.db	0x00, 0xF8, 0x00, 0xF8, 0xF8, 0xF8, 0x00, 0x00
        00 00
   0085 00                   71 	.db	0
                             72 ;--------------------------------------------------------
                             73 ; Home
                             74 ;--------------------------------------------------------
                             75 	.area _HOME
                             76 	.area _CODE
                             77 ;--------------------------------------------------------
                             78 ; code
                             79 ;--------------------------------------------------------
                             80 	.area _CODE
                             81 	.area _CODE
ASxxxx Assembler V01.75  (GameBoy Z80-like CPU), page 1.

Symbol Table

    __initrleblock                     **** GX
  1 _fisherman_walk_side               0000 GR

ASxxxx Assembler V01.75  (GameBoy Z80-like CPU), page 2.

Area Table

   0 _CODE                              size    0   flags 0
   1 _DATA                              size   80   flags 0
   2 _OVERLAY                           size    0   flags 0
   3 _ISEG                              size    0   flags 0
   4 _BSEG                              size    0   flags 0
   5 _XSEG                              size    0   flags 0
   6 _GSINIT                            size   86   flags 0
   7 _GSFINAL                           size    0   flags 0
   8 _HOME                              size    0   flags 0
