                              1 ;--------------------------------------------------------
                              2 ; File Created by SDCC : FreeWare ANSI-C Compiler
                              3 ; Version 2.3.1 Sun Apr 28 14:10:26 2019
                              4 
                              5 ;--------------------------------------------------------
                              6 	.module lcc26570
                              7 	
                              8 ;--------------------------------------------------------
                              9 ; Public variables in this module
                             10 ;--------------------------------------------------------
                             11 	.globl _fisherman_idle_back
                             12 ;--------------------------------------------------------
                             13 ; special function registers
                             14 ;--------------------------------------------------------
                             15 ;--------------------------------------------------------
                             16 ; special function bits 
                             17 ;--------------------------------------------------------
                             18 ;--------------------------------------------------------
                             19 ; internal ram data
                             20 ;--------------------------------------------------------
                             21 	.area _DATA
   0000                      22 _fisherman_idle_back::
   0000                      23 	.ds 128
                             24 ;--------------------------------------------------------
                             25 ; overlayable items in internal ram 
                             26 ;--------------------------------------------------------
                             27 	.area _OVERLAY
                             28 ;--------------------------------------------------------
                             29 ; indirectly addressable internal ram data
                             30 ;--------------------------------------------------------
                             31 	.area _ISEG
                             32 ;--------------------------------------------------------
                             33 ; bit data
                             34 ;--------------------------------------------------------
                             35 	.area _BSEG
                             36 ;--------------------------------------------------------
                             37 ; external ram data
                             38 ;--------------------------------------------------------
                             39 	.area _XSEG
                             40 ;--------------------------------------------------------
                             41 ; global & static initialisations
                             42 ;--------------------------------------------------------
                             43 	.area _GSINIT
                             44 	.area _GSFINAL
                             45 	.area _GSINIT
                             46 ;	assets/sprites/fisherman_idle_back.c 26
                             47 ;	assets/sprites/fisherman_idle_back.c 45
                             48 ;	genArrayInit
                             49 ; _saveRegsForCall: sendSetSize: 0 deInUse: 0 bcInUse: 0 deSending: 0
   0000 21 00 00             50 	ld	hl,#_fisherman_idle_back
   0003 CD 00 00             51 	call	__initrleblock
   0006 7F                   52 	.db	127
   0007 07 07 08 0F 1F 1F    53 	.db	0x07, 0x07, 0x08, 0x0F, 0x1F, 0x1F, 0x0F, 0x0F
        0F 0F
   000F 0F 0F 07 03 03 00    54 	.db	0x0F, 0x0F, 0x07, 0x03, 0x03, 0x00, 0x04, 0x3F
        04 3F
   0017 04 3F 04 3F 04 3F    55 	.db	0x04, 0x3F, 0x04, 0x3F, 0x04, 0x3F, 0x7F, 0x1F
        7F 1F
   001F 60 1F 00 1F 1F 1F    56 	.db	0x60, 0x1F, 0x00, 0x1F, 0x1F, 0x1F, 0x3F, 0x3F
        3F 3F
   0027 E0 E0 10 F0 F8 F8    57 	.db	0xE0, 0xE0, 0x10, 0xF0, 0xF8, 0xF8, 0xF0, 0xF0
        F0 F0
   002F F0 F0 E0 C0 C0 00    58 	.db	0xF0, 0xF0, 0xE0, 0xC0, 0xC0, 0x00, 0x20, 0xFC
        20 FC
   0037 20 FC 20 FC 20 FC    59 	.db	0x20, 0xFC, 0x20, 0xFC, 0x20, 0xFC, 0xFE, 0xF8
        FE F8
   003F 06 F8 00 F8 F8 F8    60 	.db	0x06, 0xF8, 0x00, 0xF8, 0xF8, 0xF8, 0xFC, 0xFC
        FC FC
   0047 07 07 08 0F 1F 1F    61 	.db	0x07, 0x07, 0x08, 0x0F, 0x1F, 0x1F, 0x0F, 0x0F
        0F 0F
   004F 0F 07 07 03 04 3F    62 	.db	0x0F, 0x07, 0x07, 0x03, 0x04, 0x3F, 0x04, 0x3F
        04 3F
   0057 04 3F 04 3F 64 1F    63 	.db	0x04, 0x3F, 0x04, 0x3F, 0x64, 0x1F, 0x7F, 0x1F
        7F 1F
   005F 00 1F 00 1F 1F 1F    64 	.db	0x00, 0x1F, 0x00, 0x1F, 0x1F, 0x1F, 0x3F, 0x3F
        3F 3F
   0067 E0 E0 10 F0 F8 F8    65 	.db	0xE0, 0xE0, 0x10, 0xF0, 0xF8, 0xF8, 0xF0, 0xF0
        F0 F0
   006F F0 E0 E0 C0 20 FC    66 	.db	0xF0, 0xE0, 0xE0, 0xC0, 0x20, 0xFC, 0x20, 0xFC
        20 FC
   0077 20 FC 20 FC 26 F8    67 	.db	0x20, 0xFC, 0x20, 0xFC, 0x26, 0xF8, 0xFE, 0xF8
        FE F8
   007F 00 F8 00 F8 F8 F8    68 	.db	0x00, 0xF8, 0x00, 0xF8, 0xF8, 0xF8, 0xFC
        FC
   0086 01                   69 	.db	1
   0087 FC                   70 	.db	0xFC
   0088 00                   71 	.db	0
                             72 ;--------------------------------------------------------
                             73 ; Home
                             74 ;--------------------------------------------------------
                             75 	.area _HOME
                             76 	.area _CODE
                             77 ;--------------------------------------------------------
                             78 ; code
                             79 ;--------------------------------------------------------
                             80 	.area _CODE
                             81 	.area _CODE
ASxxxx Assembler V01.75  (GameBoy Z80-like CPU), page 1.

Symbol Table

    __initrleblock                     **** GX
  1 _fisherman_idle_back               0000 GR

ASxxxx Assembler V01.75  (GameBoy Z80-like CPU), page 2.

Area Table

   0 _CODE                              size    0   flags 0
   1 _DATA                              size   80   flags 0
   2 _OVERLAY                           size    0   flags 0
   3 _ISEG                              size    0   flags 0
   4 _BSEG                              size    0   flags 0
   5 _XSEG                              size    0   flags 0
   6 _GSINIT                            size   89   flags 0
   7 _GSFINAL                           size    0   flags 0
   8 _HOME                              size    0   flags 0
