                              1 ;--------------------------------------------------------
                              2 ; File Created by SDCC : FreeWare ANSI-C Compiler
                              3 ; Version 2.3.1 Fri May  3 22:33:57 2019
                              4 
                              5 ;--------------------------------------------------------
                              6 	.module lcc139980
                              7 	
                              8 ;--------------------------------------------------------
                              9 ; Public variables in this module
                             10 ;--------------------------------------------------------
                             11 	.globl _hero_lie_down
                             12 ;--------------------------------------------------------
                             13 ; special function registers
                             14 ;--------------------------------------------------------
                             15 ;--------------------------------------------------------
                             16 ; special function bits 
                             17 ;--------------------------------------------------------
                             18 ;--------------------------------------------------------
                             19 ; internal ram data
                             20 ;--------------------------------------------------------
                             21 	.area _DATA
   0000                      22 _hero_lie_down::
   0000                      23 	.ds 256
                             24 ;--------------------------------------------------------
                             25 ; overlayable items in internal ram 
                             26 ;--------------------------------------------------------
                             27 	.area _OVERLAY
                             28 ;--------------------------------------------------------
                             29 ; indirectly addressable internal ram data
                             30 ;--------------------------------------------------------
                             31 	.area _ISEG
                             32 ;--------------------------------------------------------
                             33 ; bit data
                             34 ;--------------------------------------------------------
                             35 	.area _BSEG
                             36 ;--------------------------------------------------------
                             37 ; external ram data
                             38 ;--------------------------------------------------------
                             39 	.area _XSEG
                             40 ;--------------------------------------------------------
                             41 ; global & static initialisations
                             42 ;--------------------------------------------------------
                             43 	.area _GSINIT
                             44 	.area _GSFINAL
                             45 	.area _GSINIT
                             46 ;	assets/sprites/hero_lie_down.c 26
                             47 ;	assets/sprites/hero_lie_down.c 61
                             48 ;	genArrayInit
                             49 ; _saveRegsForCall: sendSetSize: 0 deInUse: 0 bcInUse: 0 deSending: 0
   0000 21 00 00             50 	ld	hl,#_hero_lie_down
   0003 CD 00 00             51 	call	__initrleblock
   0006 F8 00                52 	.db	-8,0x00
   0008 10                   53 	.db	16
   0009 E4 DC F1 DC E1 DE    54 	.db	0xE4, 0xDC, 0xF1, 0xDC, 0xE1, 0xDE, 0xE1, 0xDE
        E1 DE
   0011 F1 DE F9 DE FF DE    55 	.db	0xF1, 0xDE, 0xF9, 0xDE, 0xFF, 0xDE, 0xFC, 0xDC
        FC DC
   0019 F2 00                56 	.db	-14,0x00
   001B 14                   57 	.db	20
   001C 02 02 FE 0A FE 0A    58 	.db	0x02, 0x02, 0xFE, 0x0A, 0xFE, 0x0A, 0xFE, 0x0A
        FE 0A
   0024 FF 0B 83 7D F3 0D    59 	.db	0xFF, 0x0B, 0x83, 0x7D, 0xF3, 0x0D, 0xFF, 0x09
        FF 09
   002C FF 0D 08 08          60 	.db	0xFF, 0x0D, 0x08, 0x08
   0030 81 00                61 	.db	-127,0x00
   0032 B9 00                62 	.db	-71,0x00
   0034 00                   63 	.db	0
                             64 ;--------------------------------------------------------
                             65 ; Home
                             66 ;--------------------------------------------------------
                             67 	.area _HOME
                             68 	.area _CODE
                             69 ;--------------------------------------------------------
                             70 ; code
                             71 ;--------------------------------------------------------
                             72 	.area _CODE
                             73 	.area _CODE
ASxxxx Assembler V01.75  (GameBoy Z80-like CPU), page 1.

Symbol Table

    __initrleblock                     **** GX
  1 _hero_lie_down                     0000 GR

ASxxxx Assembler V01.75  (GameBoy Z80-like CPU), page 2.

Area Table

   0 _CODE                              size    0   flags 0
   1 _DATA                              size  100   flags 0
   2 _OVERLAY                           size    0   flags 0
   3 _ISEG                              size    0   flags 0
   4 _BSEG                              size    0   flags 0
   5 _XSEG                              size    0   flags 0
   6 _GSINIT                            size   35   flags 0
   7 _GSFINAL                           size    0   flags 0
   8 _HOME                              size    0   flags 0
