                              1 ;--------------------------------------------------------
                              2 ; File Created by SDCC : FreeWare ANSI-C Compiler
                              3 ; Version 2.3.1 Fri May  3 22:33:57 2019
                              4 
                              5 ;--------------------------------------------------------
                              6 	.module lcc140180
                              7 	
                              8 ;--------------------------------------------------------
                              9 ; Public variables in this module
                             10 ;--------------------------------------------------------
                             11 	.globl _hero_walk_up
                             12 ;--------------------------------------------------------
                             13 ; special function registers
                             14 ;--------------------------------------------------------
                             15 ;--------------------------------------------------------
                             16 ; special function bits 
                             17 ;--------------------------------------------------------
                             18 ;--------------------------------------------------------
                             19 ; internal ram data
                             20 ;--------------------------------------------------------
                             21 	.area _DATA
   0000                      22 _hero_walk_up::
   0000                      23 	.ds 128
                             24 ;--------------------------------------------------------
                             25 ; overlayable items in internal ram 
                             26 ;--------------------------------------------------------
                             27 	.area _OVERLAY
                             28 ;--------------------------------------------------------
                             29 ; indirectly addressable internal ram data
                             30 ;--------------------------------------------------------
                             31 	.area _ISEG
                             32 ;--------------------------------------------------------
                             33 ; bit data
                             34 ;--------------------------------------------------------
                             35 	.area _BSEG
                             36 ;--------------------------------------------------------
                             37 ; external ram data
                             38 ;--------------------------------------------------------
                             39 	.area _XSEG
                             40 ;--------------------------------------------------------
                             41 ; global & static initialisations
                             42 ;--------------------------------------------------------
                             43 	.area _GSINIT
                             44 	.area _GSFINAL
                             45 	.area _GSINIT
                             46 ;	assets/sprites/hero_walk_up.c 26
                             47 ;	assets/sprites/hero_walk_up.c 45
                             48 ;	genArrayInit
                             49 ; _saveRegsForCall: sendSetSize: 0 deInUse: 0 bcInUse: 0 deSending: 0
   0000 21 00 00             50 	ld	hl,#_hero_walk_up
   0003 CD 00 00             51 	call	__initrleblock
   0006 FB 0F                52 	.db	-5,0x0F
   0008 01                   53 	.db	1
   0009 00                   54 	.db	0x00
   000A FA 0F                55 	.db	-6,0x0F
   000C 14                   56 	.db	20
   000D 07 07 1F 00 1F 00    57 	.db	0x07, 0x07, 0x1F, 0x00, 0x1F, 0x00, 0x0F, 0x10
        0F 10
   0015 0F 10 0F 10 0F 3F    58 	.db	0x0F, 0x10, 0x0F, 0x10, 0x0F, 0x3F, 0x0F, 0x30
        0F 30
   001D 1F 1F 00 00          59 	.db	0x1F, 0x1F, 0x00, 0x00
   0021 FB F0                60 	.db	-5,0xF0
   0023 01                   61 	.db	1
   0024 00                   62 	.db	0x00
   0025 FA F0                63 	.db	-6,0xF0
   0027 14                   64 	.db	20
   0028 E0 E0 F8 00 F8 00    65 	.db	0xE0, 0xE0, 0xF8, 0x00, 0xF8, 0x00, 0xF0, 0x08
        F0 08
   0030 F0 08 F0 08 F8 FC    66 	.db	0xF0, 0x08, 0xF0, 0x08, 0xF8, 0xFC, 0xF0, 0x1C
        F0 1C
   0038 F0 00 F8 F8          67 	.db	0xF0, 0x00, 0xF8, 0xF8
   003C FB 0F                68 	.db	-5,0x0F
   003E 01                   69 	.db	1
   003F 00                   70 	.db	0x00
   0040 FA 0F                71 	.db	-6,0x0F
   0042 14                   72 	.db	20
   0043 07 07 1F 00 1F 00    73 	.db	0x07, 0x07, 0x1F, 0x00, 0x1F, 0x00, 0x0F, 0x10
        0F 10
   004B 0F 10 0F 10 0F 3F    74 	.db	0x0F, 0x10, 0x0F, 0x10, 0x0F, 0x3F, 0x0F, 0x30
        0F 30
   0053 1F 1F 00 00          75 	.db	0x1F, 0x1F, 0x00, 0x00
   0057 FB F0                76 	.db	-5,0xF0
   0059 01                   77 	.db	1
   005A 00                   78 	.db	0x00
   005B FA F0                79 	.db	-6,0xF0
   005D 14                   80 	.db	20
   005E E0 E0 F8 00 F8 00    81 	.db	0xE0, 0xE0, 0xF8, 0x00, 0xF8, 0x00, 0xF0, 0x08
        F0 08
   0066 F0 08 F0 08 F8 FC    82 	.db	0xF0, 0x08, 0xF0, 0x08, 0xF8, 0xFC, 0xF0, 0x1C
        F0 1C
   006E F0 00 F8 F8          83 	.db	0xF0, 0x00, 0xF8, 0xF8
   0072 00                   84 	.db	0
                             85 ;--------------------------------------------------------
                             86 ; Home
                             87 ;--------------------------------------------------------
                             88 	.area _HOME
                             89 	.area _CODE
                             90 ;--------------------------------------------------------
                             91 ; code
                             92 ;--------------------------------------------------------
                             93 	.area _CODE
                             94 	.area _CODE
ASxxxx Assembler V01.75  (GameBoy Z80-like CPU), page 1.

Symbol Table

    __initrleblock                     **** GX
  1 _hero_walk_up                      0000 GR

ASxxxx Assembler V01.75  (GameBoy Z80-like CPU), page 2.

Area Table

   0 _CODE                              size    0   flags 0
   1 _DATA                              size   80   flags 0
   2 _OVERLAY                           size    0   flags 0
   3 _ISEG                              size    0   flags 0
   4 _BSEG                              size    0   flags 0
   5 _XSEG                              size    0   flags 0
   6 _GSINIT                            size   73   flags 0
   7 _GSFINAL                           size    0   flags 0
   8 _HOME                              size    0   flags 0
