                              1 ;--------------------------------------------------------
                              2 ; File Created by SDCC : FreeWare ANSI-C Compiler
                              3 ; Version 2.3.1 Fri May  3 22:33:57 2019
                              4 
                              5 ;--------------------------------------------------------
                              6 	.module lcc140140
                              7 	
                              8 ;--------------------------------------------------------
                              9 ; Public variables in this module
                             10 ;--------------------------------------------------------
                             11 	.globl _hero_walk_down
                             12 ;--------------------------------------------------------
                             13 ; special function registers
                             14 ;--------------------------------------------------------
                             15 ;--------------------------------------------------------
                             16 ; special function bits 
                             17 ;--------------------------------------------------------
                             18 ;--------------------------------------------------------
                             19 ; internal ram data
                             20 ;--------------------------------------------------------
                             21 	.area _DATA
   0000                      22 _hero_walk_down::
   0000                      23 	.ds 64
                             24 ;--------------------------------------------------------
                             25 ; overlayable items in internal ram 
                             26 ;--------------------------------------------------------
                             27 	.area _OVERLAY
                             28 ;--------------------------------------------------------
                             29 ; indirectly addressable internal ram data
                             30 ;--------------------------------------------------------
                             31 	.area _ISEG
                             32 ;--------------------------------------------------------
                             33 ; bit data
                             34 ;--------------------------------------------------------
                             35 	.area _BSEG
                             36 ;--------------------------------------------------------
                             37 ; external ram data
                             38 ;--------------------------------------------------------
                             39 	.area _XSEG
                             40 ;--------------------------------------------------------
                             41 ; global & static initialisations
                             42 ;--------------------------------------------------------
                             43 	.area _GSINIT
                             44 	.area _GSFINAL
                             45 	.area _GSINIT
                             46 ;	assets/sprites/hero_walk_down.c 26
                             47 ;	assets/sprites/hero_walk_down.c 37
                             48 ;	genArrayInit
                             49 ; _saveRegsForCall: sendSetSize: 0 deInUse: 0 bcInUse: 0 deSending: 0
   0000 21 00 00             50 	ld	hl,#_hero_walk_down
   0003 CD 00 00             51 	call	__initrleblock
   0006 FB 0F                52 	.db	-5,0x0F
   0008 1B                   53 	.db	27
   0009 00 0A 0F 08 0F 09    54 	.db	0x00, 0x0A, 0x0F, 0x08, 0x0F, 0x09, 0x0F, 0x04
        0F 04
   0011 07 1E 01 1F 00 0F    55 	.db	0x07, 0x1E, 0x01, 0x1F, 0x00, 0x0F, 0x10, 0x0F
        10 0F
   0019 10 0F 10 0F 3F 0F    56 	.db	0x10, 0x0F, 0x10, 0x0F, 0x3F, 0x0F, 0x30, 0x1F
        30 1F
   0021 1F 00 00             57 	.db	0x1F, 0x00, 0x00
   0024 FB F0                58 	.db	-5,0xF0
   0026 1B                   59 	.db	27
   0027 00 50 F0 10 F0 90    60 	.db	0x00, 0x50, 0xF0, 0x10, 0xF0, 0x90, 0xF0, 0x20
        F0 20
   002F E0 78 80 F8 00 F0    61 	.db	0xE0, 0x78, 0x80, 0xF8, 0x00, 0xF0, 0x08, 0xF0
        08 F0
   0037 08 F0 08 F8 FC F0    62 	.db	0x08, 0xF0, 0x08, 0xF8, 0xFC, 0xF0, 0x1C, 0xF0
        1C F0
   003F 00 F8 F8             63 	.db	0x00, 0xF8, 0xF8
   0042 00                   64 	.db	0
                             65 ;--------------------------------------------------------
                             66 ; Home
                             67 ;--------------------------------------------------------
                             68 	.area _HOME
                             69 	.area _CODE
                             70 ;--------------------------------------------------------
                             71 ; code
                             72 ;--------------------------------------------------------
                             73 	.area _CODE
                             74 	.area _CODE
ASxxxx Assembler V01.75  (GameBoy Z80-like CPU), page 1.

Symbol Table

    __initrleblock                     **** GX
  1 _hero_walk_down                    0000 GR

ASxxxx Assembler V01.75  (GameBoy Z80-like CPU), page 2.

Area Table

   0 _CODE                              size    0   flags 0
   1 _DATA                              size   40   flags 0
   2 _OVERLAY                           size    0   flags 0
   3 _ISEG                              size    0   flags 0
   4 _BSEG                              size    0   flags 0
   5 _XSEG                              size    0   flags 0
   6 _GSINIT                            size   43   flags 0
   7 _GSFINAL                           size    0   flags 0
   8 _HOME                              size    0   flags 0
