                              1 ;--------------------------------------------------------
                              2 ; File Created by SDCC : FreeWare ANSI-C Compiler
                              3 ; Version 2.3.1 Fri May  3 22:33:57 2019
                              4 
                              5 ;--------------------------------------------------------
                              6 	.module lcc140500
                              7 	
                              8 ;--------------------------------------------------------
                              9 ; Public variables in this module
                             10 ;--------------------------------------------------------
                             11 	.globl _soldier
                             12 ;--------------------------------------------------------
                             13 ; special function registers
                             14 ;--------------------------------------------------------
                             15 ;--------------------------------------------------------
                             16 ; special function bits 
                             17 ;--------------------------------------------------------
                             18 ;--------------------------------------------------------
                             19 ; internal ram data
                             20 ;--------------------------------------------------------
                             21 	.area _DATA
   0000                      22 _soldier::
   0000                      23 	.ds 64
                             24 ;--------------------------------------------------------
                             25 ; overlayable items in internal ram 
                             26 ;--------------------------------------------------------
                             27 	.area _OVERLAY
                             28 ;--------------------------------------------------------
                             29 ; indirectly addressable internal ram data
                             30 ;--------------------------------------------------------
                             31 	.area _ISEG
                             32 ;--------------------------------------------------------
                             33 ; bit data
                             34 ;--------------------------------------------------------
                             35 	.area _BSEG
                             36 ;--------------------------------------------------------
                             37 ; external ram data
                             38 ;--------------------------------------------------------
                             39 	.area _XSEG
                             40 ;--------------------------------------------------------
                             41 ; global & static initialisations
                             42 ;--------------------------------------------------------
                             43 	.area _GSINIT
                             44 	.area _GSFINAL
                             45 	.area _GSINIT
                             46 ;	assets/sprites/soldier.c 26
                             47 ;	assets/sprites/soldier.c 37
                             48 ;	genArrayInit
                             49 ; _saveRegsForCall: sendSetSize: 0 deInUse: 0 bcInUse: 0 deSending: 0
   0000 21 00 00             50 	ld	hl,#_soldier
   0003 CD 00 00             51 	call	__initrleblock
   0006 40                   52 	.db	64
   0007 00 0F 01 0F 03 0F    53 	.db	0x00, 0x0F, 0x01, 0x0F, 0x03, 0x0F, 0x1F, 0x1F
        1F 1F
   000F 00 1F 0F 04 0F 00    54 	.db	0x00, 0x1F, 0x0F, 0x04, 0x0F, 0x00, 0x0F, 0x00
        0F 00
   0017 00 3F 00 3F 01 3F    55 	.db	0x00, 0x3F, 0x00, 0x3F, 0x01, 0x3F, 0x03, 0x3F
        03 3F
   001F 3F 0F 30 0F 0F 0F    56 	.db	0x3F, 0x0F, 0x30, 0x0F, 0x0F, 0x0F, 0x1F, 0x1F
        1F 1F
   0027 00 0F 01 0F 03 0F    57 	.db	0x00, 0x0F, 0x01, 0x0F, 0x03, 0x0F, 0x1F, 0x1F
        1F 1F
   002F 00 1F 0F 04 0F 00    58 	.db	0x00, 0x1F, 0x0F, 0x04, 0x0F, 0x00, 0x00, 0x3F
        00 3F
   0037 00 3F 01 3F 03 3F    59 	.db	0x00, 0x3F, 0x01, 0x3F, 0x03, 0x3F, 0x3F, 0x0F
        3F 0F
   003F 30 0F 00 0F 0F 0F    60 	.db	0x30, 0x0F, 0x00, 0x0F, 0x0F, 0x0F, 0x1F, 0x1F
        1F 1F
   0047 00                   61 	.db	0
                             62 ;--------------------------------------------------------
                             63 ; Home
                             64 ;--------------------------------------------------------
                             65 	.area _HOME
                             66 	.area _CODE
                             67 ;--------------------------------------------------------
                             68 ; code
                             69 ;--------------------------------------------------------
                             70 	.area _CODE
                             71 	.area _CODE
ASxxxx Assembler V01.75  (GameBoy Z80-like CPU), page 1.

Symbol Table

    __initrleblock                     **** GX
  1 _soldier                           0000 GR

ASxxxx Assembler V01.75  (GameBoy Z80-like CPU), page 2.

Area Table

   0 _CODE                              size    0   flags 0
   1 _DATA                              size   40   flags 0
   2 _OVERLAY                           size    0   flags 0
   3 _ISEG                              size    0   flags 0
   4 _BSEG                              size    0   flags 0
   5 _XSEG                              size    0   flags 0
   6 _GSINIT                            size   48   flags 0
   7 _GSFINAL                           size    0   flags 0
   8 _HOME                              size    0   flags 0
