                              1 ;--------------------------------------------------------
                              2 ; File Created by SDCC : FreeWare ANSI-C Compiler
                              3 ; Version 2.3.1 Sun Apr 28 14:10:27 2019
                              4 
                              5 ;--------------------------------------------------------
                              6 	.module lcc27490
                              7 	
                              8 ;--------------------------------------------------------
                              9 ; Public variables in this module
                             10 ;--------------------------------------------------------
                             11 	.globl _student_front_idle
                             12 ;--------------------------------------------------------
                             13 ; special function registers
                             14 ;--------------------------------------------------------
                             15 ;--------------------------------------------------------
                             16 ; special function bits 
                             17 ;--------------------------------------------------------
                             18 ;--------------------------------------------------------
                             19 ; internal ram data
                             20 ;--------------------------------------------------------
                             21 	.area _DATA
   0000                      22 _student_front_idle::
   0000                      23 	.ds 64
                             24 ;--------------------------------------------------------
                             25 ; overlayable items in internal ram 
                             26 ;--------------------------------------------------------
                             27 	.area _OVERLAY
                             28 ;--------------------------------------------------------
                             29 ; indirectly addressable internal ram data
                             30 ;--------------------------------------------------------
                             31 	.area _ISEG
                             32 ;--------------------------------------------------------
                             33 ; bit data
                             34 ;--------------------------------------------------------
                             35 	.area _BSEG
                             36 ;--------------------------------------------------------
                             37 ; external ram data
                             38 ;--------------------------------------------------------
                             39 	.area _XSEG
                             40 ;--------------------------------------------------------
                             41 ; global & static initialisations
                             42 ;--------------------------------------------------------
                             43 	.area _GSINIT
                             44 	.area _GSFINAL
                             45 	.area _GSINIT
                             46 ;	assets/sprites/student_front_idle.c 26
                             47 ;	assets/sprites/student_front_idle.c 37
                             48 ;	genArrayInit
                             49 ; _saveRegsForCall: sendSetSize: 0 deInUse: 0 bcInUse: 0 deSending: 0
   0000 21 00 00             50 	ld	hl,#_student_front_idle
   0003 CD 00 00             51 	call	__initrleblock
   0006 40                   52 	.db	64
   0007 0F 0F 1F 10 11 11    53 	.db	0x0F, 0x0F, 0x1F, 0x10, 0x11, 0x11, 0x11, 0x00
        11 00
   000F 0F 00 07 01 07 38    54 	.db	0x0F, 0x00, 0x07, 0x01, 0x07, 0x38, 0x03, 0x3C
        03 3C
   0017 21 1E 20 1F 60 1F    55 	.db	0x21, 0x1E, 0x20, 0x1F, 0x60, 0x1F, 0x7F, 0x1F
        7F 1F
   001F 00 1F 00 1F 1F 1F    56 	.db	0x00, 0x1F, 0x00, 0x1F, 0x1F, 0x1F, 0x3F, 0x3F
        3F 3F
   0027 1F 1F 1F 10 11 01    57 	.db	0x1F, 0x1F, 0x1F, 0x10, 0x11, 0x01, 0x11, 0x00
        11 00
   002F 0F 00 07 39 03 3C    58 	.db	0x0F, 0x00, 0x07, 0x39, 0x03, 0x3C, 0x21, 0x1E
        21 1E
   0037 20 1F 60 1F 60 1F    59 	.db	0x20, 0x1F, 0x60, 0x1F, 0x60, 0x1F, 0x1F, 0x1F
        1F 1F
   003F 00 1F 00 1F 1F 1F    60 	.db	0x00, 0x1F, 0x00, 0x1F, 0x1F, 0x1F, 0x3F, 0x3F
        3F 3F
   0047 00                   61 	.db	0
                             62 ;--------------------------------------------------------
                             63 ; Home
                             64 ;--------------------------------------------------------
                             65 	.area _HOME
                             66 	.area _CODE
                             67 ;--------------------------------------------------------
                             68 ; code
                             69 ;--------------------------------------------------------
                             70 	.area _CODE
                             71 	.area _CODE
ASxxxx Assembler V01.75  (GameBoy Z80-like CPU), page 1.

Symbol Table

    __initrleblock                     **** GX
  1 _student_front_idle                0000 GR

ASxxxx Assembler V01.75  (GameBoy Z80-like CPU), page 2.

Area Table

   0 _CODE                              size    0   flags 0
   1 _DATA                              size   40   flags 0
   2 _OVERLAY                           size    0   flags 0
   3 _ISEG                              size    0   flags 0
   4 _BSEG                              size    0   flags 0
   5 _XSEG                              size    0   flags 0
   6 _GSINIT                            size   48   flags 0
   7 _GSFINAL                           size    0   flags 0
   8 _HOME                              size    0   flags 0
