                              1 ;--------------------------------------------------------
                              2 ; File Created by SDCC : FreeWare ANSI-C Compiler
                              3 ; Version 2.3.1 Sun Apr 28 14:10:27 2019
                              4 
                              5 ;--------------------------------------------------------
                              6 	.module lcc27690
                              7 	
                              8 ;--------------------------------------------------------
                              9 ; Public variables in this module
                             10 ;--------------------------------------------------------
                             11 	.globl _student_lie_down
                             12 ;--------------------------------------------------------
                             13 ; special function registers
                             14 ;--------------------------------------------------------
                             15 ;--------------------------------------------------------
                             16 ; special function bits 
                             17 ;--------------------------------------------------------
                             18 ;--------------------------------------------------------
                             19 ; internal ram data
                             20 ;--------------------------------------------------------
                             21 	.area _DATA
   0000                      22 _student_lie_down::
   0000                      23 	.ds 64
                             24 ;--------------------------------------------------------
                             25 ; overlayable items in internal ram 
                             26 ;--------------------------------------------------------
                             27 	.area _OVERLAY
                             28 ;--------------------------------------------------------
                             29 ; indirectly addressable internal ram data
                             30 ;--------------------------------------------------------
                             31 	.area _ISEG
                             32 ;--------------------------------------------------------
                             33 ; bit data
                             34 ;--------------------------------------------------------
                             35 	.area _BSEG
                             36 ;--------------------------------------------------------
                             37 ; external ram data
                             38 ;--------------------------------------------------------
                             39 	.area _XSEG
                             40 ;--------------------------------------------------------
                             41 ; global & static initialisations
                             42 ;--------------------------------------------------------
                             43 	.area _GSINIT
                             44 	.area _GSFINAL
                             45 	.area _GSINIT
                             46 ;	assets/sprites/student_lie_down.c 26
                             47 ;	assets/sprites/student_lie_down.c 37
                             48 ;	genArrayInit
                             49 ; _saveRegsForCall: sendSetSize: 0 deInUse: 0 bcInUse: 0 deSending: 0
   0000 21 00 00             50 	ld	hl,#_student_lie_down
   0003 CD 00 00             51 	call	__initrleblock
   0006 F4 00                52 	.db	-12,0x00
   0008 14                   53 	.db	20
   0009 48 40 CD 80 FE A1    54 	.db	0x48, 0x40, 0xCD, 0x80, 0xFE, 0xA1, 0xFE, 0xA1
        FE A1
   0011 FE E1 FE F1 FE F1    55 	.db	0xFE, 0xE1, 0xFE, 0xF1, 0xFE, 0xF1, 0xFE, 0xF9
        FE F9
   0019 FC F9 78 78          56 	.db	0xFC, 0xF9, 0x78, 0x78
   001D F6 00                57 	.db	-10,0x00
   001F 16                   58 	.db	22
   0020 01 01 93 7F 13 FF    59 	.db	0x01, 0x01, 0x93, 0x7F, 0x13, 0xFF, 0x13, 0xFF
        13 FF
   0028 13 FF 7B 87 7A 86    60 	.db	0x13, 0xFF, 0x7B, 0x87, 0x7A, 0x86, 0x1A, 0xE6
        1A E6
   0030 12 FE 12 FE 12 FE    61 	.db	0x12, 0xFE, 0x12, 0xFE, 0x12, 0xFE
   0036 00                   62 	.db	0
                             63 ;--------------------------------------------------------
                             64 ; Home
                             65 ;--------------------------------------------------------
                             66 	.area _HOME
                             67 	.area _CODE
                             68 ;--------------------------------------------------------
                             69 ; code
                             70 ;--------------------------------------------------------
                             71 	.area _CODE
                             72 	.area _CODE
ASxxxx Assembler V01.75  (GameBoy Z80-like CPU), page 1.

Symbol Table

    __initrleblock                     **** GX
  1 _student_lie_down                  0000 GR

ASxxxx Assembler V01.75  (GameBoy Z80-like CPU), page 2.

Area Table

   0 _CODE                              size    0   flags 0
   1 _DATA                              size   40   flags 0
   2 _OVERLAY                           size    0   flags 0
   3 _ISEG                              size    0   flags 0
   4 _BSEG                              size    0   flags 0
   5 _XSEG                              size    0   flags 0
   6 _GSINIT                            size   37   flags 0
   7 _GSFINAL                           size    0   flags 0
   8 _HOME                              size    0   flags 0
